{"C:\\Users\\04.000376\\source-github\\nodejs\\next_level_week_6\\src\\controllers\\ComplimentsController.ts": {"path":"C:\\Users\\04.000376\\source-github\\nodejs\\next_level_week_6\\src\\controllers\\ComplimentsController.ts","all":false,"statementMap":{"0":{"start":{"line":1,"column":0},"end":{"line":1,"column":44}},"1":{"start":{"line":2,"column":0},"end":{"line":2,"column":68}},"2":{"start":{"line":3,"column":0},"end":{"line":3,"column":0}},"3":{"start":{"line":4,"column":0},"end":{"line":4,"column":29}},"4":{"start":{"line":5,"column":0},"end":{"line":5,"column":0}},"5":{"start":{"line":6,"column":0},"end":{"line":6,"column":64}},"6":{"start":{"line":7,"column":0},"end":{"line":7,"column":60}},"7":{"start":{"line":8,"column":0},"end":{"line":8,"column":40}},"8":{"start":{"line":9,"column":0},"end":{"line":9,"column":0}},"9":{"start":{"line":10,"column":0},"end":{"line":10,"column":76}},"10":{"start":{"line":11,"column":0},"end":{"line":11,"column":0}},"11":{"start":{"line":12,"column":0},"end":{"line":12,"column":53}},"12":{"start":{"line":13,"column":0},"end":{"line":13,"column":5}},"13":{"start":{"line":14,"column":0},"end":{"line":14,"column":0}},"14":{"start":{"line":15,"column":0},"end":{"line":15,"column":66}},"15":{"start":{"line":16,"column":0},"end":{"line":16,"column":58}},"16":{"start":{"line":17,"column":0},"end":{"line":17,"column":38}},"17":{"start":{"line":18,"column":0},"end":{"line":18,"column":0}},"18":{"start":{"line":19,"column":0},"end":{"line":19,"column":76}},"19":{"start":{"line":20,"column":0},"end":{"line":20,"column":0}},"20":{"start":{"line":21,"column":0},"end":{"line":21,"column":51}},"21":{"start":{"line":22,"column":0},"end":{"line":22,"column":3}},"22":{"start":{"line":23,"column":0},"end":{"line":23,"column":0}},"23":{"start":{"line":24,"column":0},"end":{"line":24,"column":56}},"24":{"start":{"line":25,"column":0},"end":{"line":25,"column":60}},"25":{"start":{"line":26,"column":0},"end":{"line":26,"column":64}},"26":{"start":{"line":27,"column":0},"end":{"line":27,"column":36}},"27":{"start":{"line":28,"column":0},"end":{"line":28,"column":0}},"28":{"start":{"line":29,"column":0},"end":{"line":29,"column":60}},"29":{"start":{"line":30,"column":0},"end":{"line":30,"column":19}},"30":{"start":{"line":31,"column":0},"end":{"line":31,"column":33}},"31":{"start":{"line":32,"column":0},"end":{"line":32,"column":26}},"32":{"start":{"line":33,"column":0},"end":{"line":33,"column":19}},"33":{"start":{"line":34,"column":0},"end":{"line":34,"column":10}},"34":{"start":{"line":35,"column":0},"end":{"line":35,"column":0}},"35":{"start":{"line":36,"column":0},"end":{"line":36,"column":53}},"36":{"start":{"line":37,"column":0},"end":{"line":37,"column":5}},"37":{"start":{"line":38,"column":0},"end":{"line":38,"column":0}},"38":{"start":{"line":39,"column":0},"end":{"line":39,"column":63}},"39":{"start":{"line":40,"column":0},"end":{"line":40,"column":58}},"40":{"start":{"line":41,"column":0},"end":{"line":41,"column":36}},"41":{"start":{"line":42,"column":0},"end":{"line":42,"column":39}},"42":{"start":{"line":43,"column":0},"end":{"line":43,"column":34}},"43":{"start":{"line":44,"column":0},"end":{"line":44,"column":0}},"44":{"start":{"line":45,"column":0},"end":{"line":45,"column":67}},"45":{"start":{"line":46,"column":0},"end":{"line":46,"column":0}},"46":{"start":{"line":47,"column":0},"end":{"line":47,"column":41}},"47":{"start":{"line":48,"column":0},"end":{"line":48,"column":5}},"48":{"start":{"line":49,"column":0},"end":{"line":49,"column":0}},"49":{"start":{"line":50,"column":0},"end":{"line":50,"column":56}},"50":{"start":{"line":51,"column":0},"end":{"line":51,"column":60}},"51":{"start":{"line":52,"column":0},"end":{"line":52,"column":38}},"52":{"start":{"line":53,"column":0},"end":{"line":53,"column":36}},"53":{"start":{"line":54,"column":0},"end":{"line":54,"column":0}},"54":{"start":{"line":55,"column":0},"end":{"line":55,"column":52}},"55":{"start":{"line":56,"column":0},"end":{"line":56,"column":0}},"56":{"start":{"line":57,"column":0},"end":{"line":57,"column":43}},"57":{"start":{"line":58,"column":0},"end":{"line":58,"column":5}},"58":{"start":{"line":59,"column":0},"end":{"line":59,"column":1}},"59":{"start":{"line":60,"column":0},"end":{"line":60,"column":0}},"60":{"start":{"line":61,"column":0},"end":{"line":61,"column":32}}},"s":{"0":1,"1":1,"2":1,"3":10,"4":10,"5":10,"6":2,"7":2,"8":2,"9":2,"10":2,"11":2,"12":2,"13":10,"14":10,"15":2,"16":2,"17":2,"18":2,"19":2,"20":2,"21":2,"22":10,"23":10,"24":2,"25":2,"26":2,"27":2,"28":2,"29":2,"30":2,"31":2,"32":2,"33":2,"34":2,"35":2,"36":2,"37":10,"38":10,"39":2,"40":2,"41":2,"42":2,"43":2,"44":2,"45":2,"46":2,"47":2,"48":10,"49":10,"50":2,"51":2,"52":2,"53":2,"54":2,"55":2,"56":2,"57":2,"58":10,"59":1,"60":1},"branchMap":{"0":{"type":"branch","line":4,"loc":{"start":{"line":4,"column":0},"end":{"line":59,"column":1}},"locations":[{"start":{"line":4,"column":0},"end":{"line":59,"column":1}}]},"1":{"type":"branch","line":4,"loc":{"start":{"line":4,"column":0},"end":{"line":59,"column":1}},"locations":[{"start":{"line":4,"column":0},"end":{"line":59,"column":1}}]},"2":{"type":"branch","line":6,"loc":{"start":{"line":6,"column":4},"end":{"line":13,"column":5}},"locations":[{"start":{"line":6,"column":4},"end":{"line":13,"column":5}}]},"3":{"type":"branch","line":15,"loc":{"start":{"line":15,"column":4},"end":{"line":22,"column":3}},"locations":[{"start":{"line":15,"column":4},"end":{"line":22,"column":3}}]},"4":{"type":"branch","line":24,"loc":{"start":{"line":24,"column":4},"end":{"line":37,"column":5}},"locations":[{"start":{"line":24,"column":4},"end":{"line":37,"column":5}}]},"5":{"type":"branch","line":39,"loc":{"start":{"line":39,"column":4},"end":{"line":48,"column":5}},"locations":[{"start":{"line":39,"column":4},"end":{"line":48,"column":5}}]},"6":{"type":"branch","line":50,"loc":{"start":{"line":50,"column":4},"end":{"line":58,"column":5}},"locations":[{"start":{"line":50,"column":4},"end":{"line":58,"column":5}}]}},"b":{"0":[1],"1":[10],"2":[2],"3":[2],"4":[2],"5":[2],"6":[2]},"fnMap":{"0":{"name":"ComplimentsController","decl":{"start":{"line":4,"column":0},"end":{"line":59,"column":1}},"loc":{"start":{"line":4,"column":0},"end":{"line":59,"column":1}},"line":4},"1":{"name":"Object.<anonymous>.ComplimentsController.searchBySender","decl":{"start":{"line":6,"column":4},"end":{"line":13,"column":5}},"loc":{"start":{"line":6,"column":4},"end":{"line":13,"column":5}},"line":6},"2":{"name":"Object.<anonymous>.ComplimentsController.searchByReceiver","decl":{"start":{"line":15,"column":4},"end":{"line":22,"column":3}},"loc":{"start":{"line":15,"column":4},"end":{"line":22,"column":3}},"line":15},"3":{"name":"Object.<anonymous>.ComplimentsController.create","decl":{"start":{"line":24,"column":4},"end":{"line":37,"column":5}},"loc":{"start":{"line":24,"column":4},"end":{"line":37,"column":5}},"line":24},"4":{"name":"Object.<anonymous>.ComplimentsController.updateMessage","decl":{"start":{"line":39,"column":4},"end":{"line":48,"column":5}},"loc":{"start":{"line":39,"column":4},"end":{"line":48,"column":5}},"line":39},"5":{"name":"Object.<anonymous>.ComplimentsController.remove","decl":{"start":{"line":50,"column":4},"end":{"line":58,"column":5}},"loc":{"start":{"line":50,"column":4},"end":{"line":58,"column":5}},"line":50}},"f":{"0":10,"1":2,"2":2,"3":2,"4":2,"5":2}}
,"C:\\Users\\04.000376\\source-github\\nodejs\\next_level_week_6\\src\\repositories\\ComplimentsRepositories.ts": {"path":"C:\\Users\\04.000376\\source-github\\nodejs\\next_level_week_6\\src\\repositories\\ComplimentsRepositories.ts","all":false,"statementMap":{"0":{"start":{"line":1,"column":0},"end":{"line":1,"column":55}},"1":{"start":{"line":2,"column":0},"end":{"line":2,"column":52}},"2":{"start":{"line":3,"column":0},"end":{"line":3,"column":0}},"3":{"start":{"line":4,"column":0},"end":{"line":4,"column":29}},"4":{"start":{"line":5,"column":0},"end":{"line":5,"column":63}},"5":{"start":{"line":6,"column":0},"end":{"line":6,"column":0}},"6":{"start":{"line":7,"column":0},"end":{"line":7,"column":35}}},"s":{"0":1,"1":1,"2":1,"3":1,"4":2,"5":1,"6":1},"branchMap":{"0":{"type":"branch","line":5,"loc":{"start":{"line":5,"column":0},"end":{"line":5,"column":63}},"locations":[{"start":{"line":5,"column":0},"end":{"line":5,"column":63}}]},"1":{"type":"branch","line":5,"loc":{"start":{"line":5,"column":0},"end":{"line":5,"column":63}},"locations":[{"start":{"line":5,"column":0},"end":{"line":5,"column":63}}]}},"b":{"0":[3],"1":[2]},"fnMap":{"0":{"name":"ComplimentsRepositories","decl":{"start":{"line":5,"column":0},"end":{"line":5,"column":63}},"loc":{"start":{"line":5,"column":0},"end":{"line":5,"column":63}},"line":5}},"f":{"0":2}}
,"C:\\Users\\04.000376\\source-github\\nodejs\\next_level_week_6\\src\\repositories\\TagsRepositories.ts": {"path":"C:\\Users\\04.000376\\source-github\\nodejs\\next_level_week_6\\src\\repositories\\TagsRepositories.ts","all":false,"statementMap":{"0":{"start":{"line":1,"column":0},"end":{"line":1,"column":55}},"1":{"start":{"line":2,"column":0},"end":{"line":2,"column":38}},"2":{"start":{"line":3,"column":0},"end":{"line":3,"column":0}},"3":{"start":{"line":4,"column":0},"end":{"line":4,"column":22}},"4":{"start":{"line":5,"column":0},"end":{"line":5,"column":49}},"5":{"start":{"line":6,"column":0},"end":{"line":6,"column":0}},"6":{"start":{"line":7,"column":0},"end":{"line":7,"column":28}}},"s":{"0":1,"1":1,"2":1,"3":1,"4":2,"5":1,"6":1},"branchMap":{"0":{"type":"branch","line":5,"loc":{"start":{"line":5,"column":0},"end":{"line":5,"column":49}},"locations":[{"start":{"line":5,"column":0},"end":{"line":5,"column":49}}]},"1":{"type":"branch","line":5,"loc":{"start":{"line":5,"column":0},"end":{"line":5,"column":49}},"locations":[{"start":{"line":5,"column":0},"end":{"line":5,"column":49}}]}},"b":{"0":[3],"1":[2]},"fnMap":{"0":{"name":"TagsRepositories","decl":{"start":{"line":5,"column":0},"end":{"line":5,"column":49}},"loc":{"start":{"line":5,"column":0},"end":{"line":5,"column":49}},"line":5}},"f":{"0":2}}
,"C:\\Users\\04.000376\\source-github\\nodejs\\next_level_week_6\\src\\repositories\\UsersRepositories.ts": {"path":"C:\\Users\\04.000376\\source-github\\nodejs\\next_level_week_6\\src\\repositories\\UsersRepositories.ts","all":false,"statementMap":{"0":{"start":{"line":1,"column":0},"end":{"line":1,"column":54}},"1":{"start":{"line":2,"column":0},"end":{"line":2,"column":39}},"2":{"start":{"line":3,"column":0},"end":{"line":3,"column":0}},"3":{"start":{"line":4,"column":0},"end":{"line":4,"column":23}},"4":{"start":{"line":5,"column":0},"end":{"line":5,"column":50}},"5":{"start":{"line":6,"column":0},"end":{"line":6,"column":0}},"6":{"start":{"line":7,"column":0},"end":{"line":7,"column":28}}},"s":{"0":1,"1":1,"2":1,"3":1,"4":2,"5":1,"6":1},"branchMap":{"0":{"type":"branch","line":5,"loc":{"start":{"line":5,"column":0},"end":{"line":5,"column":50}},"locations":[{"start":{"line":5,"column":0},"end":{"line":5,"column":50}}]},"1":{"type":"branch","line":5,"loc":{"start":{"line":5,"column":0},"end":{"line":5,"column":50}},"locations":[{"start":{"line":5,"column":0},"end":{"line":5,"column":50}}]}},"b":{"0":[3],"1":[2]},"fnMap":{"0":{"name":"UsersRepositories","decl":{"start":{"line":5,"column":0},"end":{"line":5,"column":50}},"loc":{"start":{"line":5,"column":0},"end":{"line":5,"column":50}},"line":5}},"f":{"0":2}}
,"C:\\Users\\04.000376\\source-github\\nodejs\\next_level_week_6\\src\\services\\ComplimentsService.ts": {"path":"C:\\Users\\04.000376\\source-github\\nodejs\\next_level_week_6\\src\\services\\ComplimentsService.ts","all":false,"statementMap":{"0":{"start":{"line":1,"column":0},"end":{"line":1,"column":57}},"1":{"start":{"line":2,"column":0},"end":{"line":2,"column":52}},"2":{"start":{"line":3,"column":0},"end":{"line":3,"column":82}},"3":{"start":{"line":4,"column":0},"end":{"line":4,"column":68}},"4":{"start":{"line":5,"column":0},"end":{"line":5,"column":70}},"5":{"start":{"line":6,"column":0},"end":{"line":6,"column":0}},"6":{"start":{"line":7,"column":0},"end":{"line":7,"column":30}},"7":{"start":{"line":8,"column":0},"end":{"line":8,"column":19}},"8":{"start":{"line":9,"column":0},"end":{"line":9,"column":24}},"9":{"start":{"line":10,"column":0},"end":{"line":10,"column":26}},"10":{"start":{"line":11,"column":0},"end":{"line":11,"column":20}},"11":{"start":{"line":12,"column":0},"end":{"line":12,"column":1}},"12":{"start":{"line":13,"column":0},"end":{"line":13,"column":0}},"13":{"start":{"line":14,"column":0},"end":{"line":14,"column":26}},"14":{"start":{"line":15,"column":0},"end":{"line":15,"column":0}},"15":{"start":{"line":16,"column":0},"end":{"line":16,"column":59}},"16":{"start":{"line":17,"column":0},"end":{"line":17,"column":0}},"17":{"start":{"line":18,"column":0},"end":{"line":18,"column":19}},"18":{"start":{"line":19,"column":0},"end":{"line":19,"column":83}},"19":{"start":{"line":20,"column":0},"end":{"line":20,"column":5}},"20":{"start":{"line":21,"column":0},"end":{"line":21,"column":0}},"21":{"start":{"line":22,"column":0},"end":{"line":22,"column":43}},"22":{"start":{"line":23,"column":0},"end":{"line":23,"column":69}},"23":{"start":{"line":24,"column":0},"end":{"line":24,"column":30}},"24":{"start":{"line":25,"column":0},"end":{"line":25,"column":10}},"25":{"start":{"line":26,"column":0},"end":{"line":26,"column":0}},"26":{"start":{"line":27,"column":0},"end":{"line":27,"column":26}},"27":{"start":{"line":28,"column":0},"end":{"line":28,"column":5}},"28":{"start":{"line":29,"column":0},"end":{"line":29,"column":0}},"29":{"start":{"line":30,"column":0},"end":{"line":30,"column":45}},"30":{"start":{"line":31,"column":0},"end":{"line":31,"column":67}},"31":{"start":{"line":32,"column":0},"end":{"line":32,"column":30}},"32":{"start":{"line":33,"column":0},"end":{"line":33,"column":8}},"33":{"start":{"line":34,"column":0},"end":{"line":34,"column":0}},"34":{"start":{"line":35,"column":0},"end":{"line":35,"column":24}},"35":{"start":{"line":36,"column":0},"end":{"line":36,"column":3}},"36":{"start":{"line":37,"column":0},"end":{"line":37,"column":0}},"37":{"start":{"line":38,"column":0},"end":{"line":38,"column":87}},"38":{"start":{"line":39,"column":0},"end":{"line":39,"column":73}},"39":{"start":{"line":40,"column":0},"end":{"line":40,"column":71}},"40":{"start":{"line":41,"column":0},"end":{"line":41,"column":0}},"41":{"start":{"line":42,"column":0},"end":{"line":42,"column":42}},"42":{"start":{"line":43,"column":0},"end":{"line":43,"column":53}},"43":{"start":{"line":44,"column":0},"end":{"line":44,"column":9}},"44":{"start":{"line":45,"column":0},"end":{"line":45,"column":0}},"45":{"start":{"line":46,"column":0},"end":{"line":46,"column":65}},"46":{"start":{"line":47,"column":0},"end":{"line":47,"column":0}},"47":{"start":{"line":48,"column":0},"end":{"line":48,"column":24}},"48":{"start":{"line":49,"column":0},"end":{"line":49,"column":49}},"49":{"start":{"line":50,"column":0},"end":{"line":50,"column":9}},"50":{"start":{"line":51,"column":0},"end":{"line":51,"column":0}},"51":{"start":{"line":52,"column":0},"end":{"line":52,"column":81}},"52":{"start":{"line":53,"column":0},"end":{"line":53,"column":0}},"53":{"start":{"line":54,"column":0},"end":{"line":54,"column":33}},"54":{"start":{"line":55,"column":0},"end":{"line":55,"column":60}},"55":{"start":{"line":56,"column":0},"end":{"line":56,"column":9}},"56":{"start":{"line":57,"column":0},"end":{"line":57,"column":0}},"57":{"start":{"line":58,"column":0},"end":{"line":58,"column":64}},"58":{"start":{"line":59,"column":0},"end":{"line":59,"column":17}},"59":{"start":{"line":60,"column":0},"end":{"line":60,"column":24}},"60":{"start":{"line":61,"column":0},"end":{"line":61,"column":22}},"61":{"start":{"line":62,"column":0},"end":{"line":62,"column":17}},"62":{"start":{"line":63,"column":0},"end":{"line":63,"column":11}},"63":{"start":{"line":64,"column":0},"end":{"line":64,"column":0}},"64":{"start":{"line":65,"column":0},"end":{"line":65,"column":60}},"65":{"start":{"line":66,"column":0},"end":{"line":66,"column":0}},"66":{"start":{"line":67,"column":0},"end":{"line":67,"column":26}},"67":{"start":{"line":68,"column":0},"end":{"line":68,"column":5}},"68":{"start":{"line":69,"column":0},"end":{"line":69,"column":0}},"69":{"start":{"line":70,"column":0},"end":{"line":70,"column":82}},"70":{"start":{"line":71,"column":0},"end":{"line":71,"column":69}},"71":{"start":{"line":72,"column":0},"end":{"line":72,"column":25}},"72":{"start":{"line":73,"column":0},"end":{"line":73,"column":8}},"73":{"start":{"line":74,"column":0},"end":{"line":74,"column":0}},"74":{"start":{"line":75,"column":0},"end":{"line":75,"column":23}},"75":{"start":{"line":76,"column":0},"end":{"line":76,"column":48}},"76":{"start":{"line":77,"column":0},"end":{"line":77,"column":7}},"77":{"start":{"line":78,"column":0},"end":{"line":78,"column":0}},"78":{"start":{"line":79,"column":0},"end":{"line":79,"column":45}},"79":{"start":{"line":80,"column":0},"end":{"line":80,"column":76}},"80":{"start":{"line":81,"column":0},"end":{"line":81,"column":7}},"81":{"start":{"line":82,"column":0},"end":{"line":82,"column":0}},"82":{"start":{"line":83,"column":0},"end":{"line":83,"column":20}},"83":{"start":{"line":84,"column":0},"end":{"line":84,"column":58}},"84":{"start":{"line":85,"column":0},"end":{"line":85,"column":7}},"85":{"start":{"line":86,"column":0},"end":{"line":86,"column":0}},"86":{"start":{"line":87,"column":0},"end":{"line":87,"column":47}},"87":{"start":{"line":88,"column":0},"end":{"line":88,"column":26}},"88":{"start":{"line":89,"column":0},"end":{"line":89,"column":24}},"89":{"start":{"line":90,"column":0},"end":{"line":90,"column":10}},"90":{"start":{"line":91,"column":0},"end":{"line":91,"column":5}},"91":{"start":{"line":92,"column":0},"end":{"line":92,"column":0}},"92":{"start":{"line":93,"column":0},"end":{"line":93,"column":62}},"93":{"start":{"line":94,"column":0},"end":{"line":94,"column":67}},"94":{"start":{"line":95,"column":0},"end":{"line":95,"column":26}},"95":{"start":{"line":96,"column":0},"end":{"line":96,"column":19}},"96":{"start":{"line":97,"column":0},"end":{"line":97,"column":8}},"97":{"start":{"line":98,"column":0},"end":{"line":98,"column":0}},"98":{"start":{"line":99,"column":0},"end":{"line":99,"column":23}},"99":{"start":{"line":100,"column":0},"end":{"line":100,"column":49}},"100":{"start":{"line":101,"column":0},"end":{"line":101,"column":7}},"101":{"start":{"line":102,"column":0},"end":{"line":102,"column":0}},"102":{"start":{"line":103,"column":0},"end":{"line":103,"column":68}},"103":{"start":{"line":104,"column":0},"end":{"line":104,"column":25}},"104":{"start":{"line":105,"column":0},"end":{"line":105,"column":8}},"105":{"start":{"line":106,"column":0},"end":{"line":106,"column":0}},"106":{"start":{"line":107,"column":0},"end":{"line":107,"column":23}},"107":{"start":{"line":108,"column":0},"end":{"line":108,"column":5}},"108":{"start":{"line":109,"column":0},"end":{"line":109,"column":0}},"109":{"start":{"line":110,"column":0},"end":{"line":110,"column":1}},"110":{"start":{"line":111,"column":0},"end":{"line":111,"column":0}},"111":{"start":{"line":112,"column":0},"end":{"line":112,"column":29}}},"s":{"0":1,"1":1,"2":1,"3":1,"4":1,"5":1,"6":1,"7":1,"8":1,"9":1,"10":1,"11":1,"12":1,"13":2,"14":2,"15":2,"16":2,"17":2,"18":12,"19":12,"20":2,"21":2,"22":1,"23":1,"24":1,"25":1,"26":1,"27":1,"28":2,"29":2,"30":1,"31":1,"32":1,"33":1,"34":1,"35":1,"36":2,"37":2,"38":4,"39":4,"40":4,"41":4,"42":1,"43":1,"44":3,"45":3,"46":4,"47":4,"48":1,"49":1,"50":2,"51":2,"52":4,"53":4,"54":1,"55":1,"56":1,"57":1,"58":1,"59":1,"60":1,"61":1,"62":1,"63":1,"64":1,"65":4,"66":4,"67":4,"68":2,"69":2,"70":4,"71":4,"72":4,"73":4,"74":4,"75":1,"76":1,"77":3,"78":4,"79":1,"80":1,"81":2,"82":4,"83":1,"84":1,"85":1,"86":1,"87":1,"88":1,"89":1,"90":4,"91":2,"92":2,"93":2,"94":2,"95":2,"96":2,"97":2,"98":2,"99":1,"100":1,"101":1,"102":1,"103":1,"104":1,"105":2,"106":2,"107":2,"108":2,"109":2,"110":1,"111":1},"branchMap":{"0":{"type":"branch","line":14,"loc":{"start":{"line":14,"column":0},"end":{"line":110,"column":1}},"locations":[{"start":{"line":14,"column":0},"end":{"line":110,"column":1}}]},"1":{"type":"branch","line":18,"loc":{"start":{"line":18,"column":4},"end":{"line":20,"column":5}},"locations":[{"start":{"line":18,"column":4},"end":{"line":20,"column":5}}]},"2":{"type":"branch","line":22,"loc":{"start":{"line":22,"column":4},"end":{"line":28,"column":5}},"locations":[{"start":{"line":22,"column":4},"end":{"line":28,"column":5}}]},"3":{"type":"branch","line":23,"loc":{"start":{"line":23,"column":28},"end":{"line":25,"column":10}},"locations":[{"start":{"line":23,"column":28},"end":{"line":25,"column":10}}]},"4":{"type":"branch","line":30,"loc":{"start":{"line":30,"column":4},"end":{"line":36,"column":3}},"locations":[{"start":{"line":30,"column":4},"end":{"line":36,"column":3}}]},"5":{"type":"branch","line":31,"loc":{"start":{"line":31,"column":26},"end":{"line":33,"column":8}},"locations":[{"start":{"line":31,"column":26},"end":{"line":33,"column":8}}]},"6":{"type":"branch","line":38,"loc":{"start":{"line":38,"column":4},"end":{"line":68,"column":5}},"locations":[{"start":{"line":38,"column":4},"end":{"line":68,"column":5}}]},"7":{"type":"branch","line":42,"loc":{"start":{"line":42,"column":41},"end":{"line":44,"column":9}},"locations":[{"start":{"line":42,"column":41},"end":{"line":44,"column":9}}]},"8":{"type":"branch","line":45,"loc":{"start":{"line":45,"column":-2},"end":{"line":46,"column":65}},"locations":[{"start":{"line":45,"column":-2},"end":{"line":46,"column":65}}]},"9":{"type":"branch","line":48,"loc":{"start":{"line":48,"column":23},"end":{"line":50,"column":9}},"locations":[{"start":{"line":48,"column":23},"end":{"line":50,"column":9}}]},"10":{"type":"branch","line":51,"loc":{"start":{"line":51,"column":-2},"end":{"line":52,"column":81}},"locations":[{"start":{"line":51,"column":-2},"end":{"line":52,"column":81}}]},"11":{"type":"branch","line":54,"loc":{"start":{"line":54,"column":32},"end":{"line":65,"column":60}},"locations":[{"start":{"line":54,"column":32},"end":{"line":65,"column":60}}]},"12":{"type":"branch","line":70,"loc":{"start":{"line":70,"column":4},"end":{"line":91,"column":5}},"locations":[{"start":{"line":70,"column":4},"end":{"line":91,"column":5}}]},"13":{"type":"branch","line":71,"loc":{"start":{"line":71,"column":25},"end":{"line":73,"column":8}},"locations":[{"start":{"line":71,"column":25},"end":{"line":73,"column":8}}]},"14":{"type":"branch","line":75,"loc":{"start":{"line":75,"column":22},"end":{"line":77,"column":7}},"locations":[{"start":{"line":75,"column":22},"end":{"line":77,"column":7}}]},"15":{"type":"branch","line":78,"loc":{"start":{"line":78,"column":-2},"end":{"line":79,"column":44}},"locations":[{"start":{"line":78,"column":-2},"end":{"line":79,"column":44}}]},"16":{"type":"branch","line":79,"loc":{"start":{"line":79,"column":44},"end":{"line":81,"column":7}},"locations":[{"start":{"line":79,"column":44},"end":{"line":81,"column":7}}]},"17":{"type":"branch","line":82,"loc":{"start":{"line":82,"column":-2},"end":{"line":83,"column":19}},"locations":[{"start":{"line":82,"column":-2},"end":{"line":83,"column":19}}]},"18":{"type":"branch","line":83,"loc":{"start":{"line":83,"column":19},"end":{"line":90,"column":10}},"locations":[{"start":{"line":83,"column":19},"end":{"line":90,"column":10}}]},"19":{"type":"branch","line":93,"loc":{"start":{"line":93,"column":4},"end":{"line":108,"column":5}},"locations":[{"start":{"line":93,"column":4},"end":{"line":108,"column":5}}]},"20":{"type":"branch","line":94,"loc":{"start":{"line":94,"column":23},"end":{"line":97,"column":8}},"locations":[{"start":{"line":94,"column":23},"end":{"line":97,"column":8}}]},"21":{"type":"branch","line":99,"loc":{"start":{"line":99,"column":22},"end":{"line":105,"column":8}},"locations":[{"start":{"line":99,"column":22},"end":{"line":105,"column":8}}]}},"b":{"0":[2],"1":[12],"2":[1],"3":[1],"4":[1],"5":[1],"6":[4],"7":[1],"8":[3],"9":[1],"10":[2],"11":[1],"12":[4],"13":[4],"14":[1],"15":[3],"16":[1],"17":[2],"18":[1],"19":[2],"20":[2],"21":[1]},"fnMap":{"0":{"name":"ComplimentsService","decl":{"start":{"line":18,"column":4},"end":{"line":20,"column":5}},"loc":{"start":{"line":18,"column":4},"end":{"line":20,"column":5}},"line":18},"1":{"name":"Object.<anonymous>.ComplimentsService.searchBySender","decl":{"start":{"line":22,"column":4},"end":{"line":28,"column":5}},"loc":{"start":{"line":22,"column":4},"end":{"line":28,"column":5}},"line":22},"2":{"name":"Object.<anonymous>.ComplimentsService.searchByReceiver","decl":{"start":{"line":30,"column":4},"end":{"line":36,"column":3}},"loc":{"start":{"line":30,"column":4},"end":{"line":36,"column":3}},"line":30},"3":{"name":"Object.<anonymous>.ComplimentsService.create","decl":{"start":{"line":38,"column":4},"end":{"line":68,"column":5}},"loc":{"start":{"line":38,"column":4},"end":{"line":68,"column":5}},"line":38},"4":{"name":"Object.<anonymous>.ComplimentsService.updateMessage","decl":{"start":{"line":70,"column":4},"end":{"line":91,"column":5}},"loc":{"start":{"line":70,"column":4},"end":{"line":91,"column":5}},"line":70},"5":{"name":"Object.<anonymous>.ComplimentsService.remove","decl":{"start":{"line":93,"column":4},"end":{"line":108,"column":5}},"loc":{"start":{"line":93,"column":4},"end":{"line":108,"column":5}},"line":93}},"f":{"0":12,"1":1,"2":1,"3":4,"4":4,"5":2}}
}
