{"C:\\Users\\wilto\\source-github\\nodejs\\next_level_week_6\\src\\controllers\\AuthenticateUserController.ts": {"path":"C:\\Users\\wilto\\source-github\\nodejs\\next_level_week_6\\src\\controllers\\AuthenticateUserController.ts","all":false,"statementMap":{"0":{"start":{"line":1,"column":0},"end":{"line":1,"column":44}},"1":{"start":{"line":2,"column":0},"end":{"line":2,"column":77}},"2":{"start":{"line":3,"column":0},"end":{"line":3,"column":0}},"3":{"start":{"line":4,"column":0},"end":{"line":4,"column":34}},"4":{"start":{"line":5,"column":0},"end":{"line":5,"column":0}},"5":{"start":{"line":6,"column":0},"end":{"line":6,"column":53}},"6":{"start":{"line":7,"column":0},"end":{"line":7,"column":45}},"7":{"start":{"line":8,"column":0},"end":{"line":8,"column":0}},"8":{"start":{"line":9,"column":0},"end":{"line":9,"column":65}},"9":{"start":{"line":10,"column":0},"end":{"line":10,"column":0}},"10":{"start":{"line":11,"column":0},"end":{"line":11,"column":57}},"11":{"start":{"line":12,"column":0},"end":{"line":12,"column":12}},"12":{"start":{"line":13,"column":0},"end":{"line":13,"column":14}},"13":{"start":{"line":14,"column":0},"end":{"line":14,"column":7}},"14":{"start":{"line":15,"column":0},"end":{"line":15,"column":0}},"15":{"start":{"line":16,"column":0},"end":{"line":16,"column":43}},"16":{"start":{"line":17,"column":0},"end":{"line":17,"column":3}},"17":{"start":{"line":18,"column":0},"end":{"line":18,"column":0}},"18":{"start":{"line":19,"column":0},"end":{"line":19,"column":1}},"19":{"start":{"line":20,"column":0},"end":{"line":20,"column":0}},"20":{"start":{"line":21,"column":0},"end":{"line":21,"column":37}}},"s":{"0":1,"1":1,"2":1,"3":2,"4":2,"5":2,"6":2,"7":2,"8":2,"9":2,"10":2,"11":2,"12":2,"13":2,"14":2,"15":2,"16":2,"17":2,"18":2,"19":1,"20":1},"branchMap":{"0":{"type":"branch","line":4,"loc":{"start":{"line":4,"column":0},"end":{"line":19,"column":1}},"locations":[{"start":{"line":4,"column":0},"end":{"line":19,"column":1}}]},"1":{"type":"branch","line":4,"loc":{"start":{"line":4,"column":0},"end":{"line":19,"column":1}},"locations":[{"start":{"line":4,"column":0},"end":{"line":19,"column":1}}]},"2":{"type":"branch","line":6,"loc":{"start":{"line":6,"column":2},"end":{"line":17,"column":3}},"locations":[{"start":{"line":6,"column":2},"end":{"line":17,"column":3}}]}},"b":{"0":[1],"1":[2],"2":[2]},"fnMap":{"0":{"name":"AuthenticateUserController","decl":{"start":{"line":4,"column":0},"end":{"line":19,"column":1}},"loc":{"start":{"line":4,"column":0},"end":{"line":19,"column":1}},"line":4},"1":{"name":"Object.<anonymous>.AuthenticateUserController.handle","decl":{"start":{"line":6,"column":2},"end":{"line":17,"column":3}},"loc":{"start":{"line":6,"column":2},"end":{"line":17,"column":3}},"line":6}},"f":{"0":2,"1":2}}
,"C:\\Users\\wilto\\source-github\\nodejs\\next_level_week_6\\src\\controllers\\ComplimentsController.ts": {"path":"C:\\Users\\wilto\\source-github\\nodejs\\next_level_week_6\\src\\controllers\\ComplimentsController.ts","all":false,"statementMap":{"0":{"start":{"line":1,"column":0},"end":{"line":1,"column":44}},"1":{"start":{"line":2,"column":0},"end":{"line":2,"column":68}},"2":{"start":{"line":3,"column":0},"end":{"line":3,"column":0}},"3":{"start":{"line":4,"column":0},"end":{"line":4,"column":29}},"4":{"start":{"line":5,"column":0},"end":{"line":5,"column":0}},"5":{"start":{"line":6,"column":0},"end":{"line":6,"column":56}},"6":{"start":{"line":7,"column":0},"end":{"line":7,"column":60}},"7":{"start":{"line":8,"column":0},"end":{"line":8,"column":0}},"8":{"start":{"line":9,"column":0},"end":{"line":9,"column":61}},"9":{"start":{"line":10,"column":0},"end":{"line":10,"column":0}},"10":{"start":{"line":11,"column":0},"end":{"line":11,"column":53}},"11":{"start":{"line":12,"column":0},"end":{"line":12,"column":5}},"12":{"start":{"line":13,"column":0},"end":{"line":13,"column":0}},"13":{"start":{"line":14,"column":0},"end":{"line":14,"column":56}},"14":{"start":{"line":15,"column":0},"end":{"line":15,"column":60}},"15":{"start":{"line":16,"column":0},"end":{"line":16,"column":64}},"16":{"start":{"line":17,"column":0},"end":{"line":17,"column":36}},"17":{"start":{"line":18,"column":0},"end":{"line":18,"column":0}},"18":{"start":{"line":19,"column":0},"end":{"line":19,"column":60}},"19":{"start":{"line":20,"column":0},"end":{"line":20,"column":19}},"20":{"start":{"line":21,"column":0},"end":{"line":21,"column":33}},"21":{"start":{"line":22,"column":0},"end":{"line":22,"column":26}},"22":{"start":{"line":23,"column":0},"end":{"line":23,"column":19}},"23":{"start":{"line":24,"column":0},"end":{"line":24,"column":10}},"24":{"start":{"line":25,"column":0},"end":{"line":25,"column":0}},"25":{"start":{"line":26,"column":0},"end":{"line":26,"column":53}},"26":{"start":{"line":27,"column":0},"end":{"line":27,"column":0}},"27":{"start":{"line":28,"column":0},"end":{"line":28,"column":5}},"28":{"start":{"line":29,"column":0},"end":{"line":29,"column":0}},"29":{"start":{"line":30,"column":0},"end":{"line":30,"column":56}},"30":{"start":{"line":31,"column":0},"end":{"line":31,"column":60}},"31":{"start":{"line":32,"column":0},"end":{"line":32,"column":38}},"32":{"start":{"line":33,"column":0},"end":{"line":33,"column":36}},"33":{"start":{"line":34,"column":0},"end":{"line":34,"column":0}},"34":{"start":{"line":35,"column":0},"end":{"line":35,"column":52}},"35":{"start":{"line":36,"column":0},"end":{"line":36,"column":0}},"36":{"start":{"line":37,"column":0},"end":{"line":37,"column":36}},"37":{"start":{"line":38,"column":0},"end":{"line":38,"column":5}},"38":{"start":{"line":39,"column":0},"end":{"line":39,"column":0}},"39":{"start":{"line":40,"column":0},"end":{"line":40,"column":1}},"40":{"start":{"line":41,"column":0},"end":{"line":41,"column":0}},"41":{"start":{"line":42,"column":0},"end":{"line":42,"column":32}}},"s":{"0":1,"1":1,"2":1,"3":6,"4":6,"5":6,"6":2,"7":2,"8":2,"9":2,"10":2,"11":2,"12":6,"13":6,"14":2,"15":2,"16":2,"17":2,"18":2,"19":2,"20":2,"21":2,"22":2,"23":2,"24":2,"25":2,"26":2,"27":2,"28":6,"29":6,"30":2,"31":2,"32":2,"33":2,"34":2,"35":2,"36":2,"37":2,"38":6,"39":6,"40":1,"41":1},"branchMap":{"0":{"type":"branch","line":4,"loc":{"start":{"line":4,"column":0},"end":{"line":40,"column":1}},"locations":[{"start":{"line":4,"column":0},"end":{"line":40,"column":1}}]},"1":{"type":"branch","line":4,"loc":{"start":{"line":4,"column":0},"end":{"line":40,"column":1}},"locations":[{"start":{"line":4,"column":0},"end":{"line":40,"column":1}}]},"2":{"type":"branch","line":6,"loc":{"start":{"line":6,"column":4},"end":{"line":12,"column":5}},"locations":[{"start":{"line":6,"column":4},"end":{"line":12,"column":5}}]},"3":{"type":"branch","line":14,"loc":{"start":{"line":14,"column":4},"end":{"line":28,"column":5}},"locations":[{"start":{"line":14,"column":4},"end":{"line":28,"column":5}}]},"4":{"type":"branch","line":30,"loc":{"start":{"line":30,"column":4},"end":{"line":38,"column":5}},"locations":[{"start":{"line":30,"column":4},"end":{"line":38,"column":5}}]}},"b":{"0":[1],"1":[6],"2":[2],"3":[2],"4":[2]},"fnMap":{"0":{"name":"ComplimentsController","decl":{"start":{"line":4,"column":0},"end":{"line":40,"column":1}},"loc":{"start":{"line":4,"column":0},"end":{"line":40,"column":1}},"line":4},"1":{"name":"Object.<anonymous>.ComplimentsController.search","decl":{"start":{"line":6,"column":4},"end":{"line":12,"column":5}},"loc":{"start":{"line":6,"column":4},"end":{"line":12,"column":5}},"line":6},"2":{"name":"Object.<anonymous>.ComplimentsController.create","decl":{"start":{"line":14,"column":4},"end":{"line":28,"column":5}},"loc":{"start":{"line":14,"column":4},"end":{"line":28,"column":5}},"line":14},"3":{"name":"Object.<anonymous>.ComplimentsController.remove","decl":{"start":{"line":30,"column":4},"end":{"line":38,"column":5}},"loc":{"start":{"line":30,"column":4},"end":{"line":38,"column":5}},"line":30}},"f":{"0":6,"1":2,"2":2,"3":2}}
,"C:\\Users\\wilto\\source-github\\nodejs\\next_level_week_6\\src\\controllers\\TagsController.ts": {"path":"C:\\Users\\wilto\\source-github\\nodejs\\next_level_week_6\\src\\controllers\\TagsController.ts","all":false,"statementMap":{"0":{"start":{"line":1,"column":0},"end":{"line":1,"column":44}},"1":{"start":{"line":2,"column":0},"end":{"line":2,"column":54}},"2":{"start":{"line":3,"column":0},"end":{"line":3,"column":0}},"3":{"start":{"line":4,"column":0},"end":{"line":4,"column":22}},"4":{"start":{"line":5,"column":0},"end":{"line":5,"column":0}},"5":{"start":{"line":6,"column":0},"end":{"line":6,"column":56}},"6":{"start":{"line":7,"column":0},"end":{"line":7,"column":37}},"7":{"start":{"line":8,"column":0},"end":{"line":8,"column":0}},"8":{"start":{"line":9,"column":0},"end":{"line":9,"column":46}},"9":{"start":{"line":10,"column":0},"end":{"line":10,"column":0}},"10":{"start":{"line":11,"column":0},"end":{"line":11,"column":51}},"11":{"start":{"line":12,"column":0},"end":{"line":12,"column":0}},"12":{"start":{"line":13,"column":0},"end":{"line":13,"column":45}},"13":{"start":{"line":14,"column":0},"end":{"line":14,"column":5}},"14":{"start":{"line":15,"column":0},"end":{"line":15,"column":0}},"15":{"start":{"line":16,"column":0},"end":{"line":16,"column":56}},"16":{"start":{"line":17,"column":0},"end":{"line":17,"column":46}},"17":{"start":{"line":18,"column":0},"end":{"line":18,"column":0}},"18":{"start":{"line":19,"column":0},"end":{"line":19,"column":48}},"19":{"start":{"line":20,"column":0},"end":{"line":20,"column":0}},"20":{"start":{"line":21,"column":0},"end":{"line":21,"column":47}},"21":{"start":{"line":22,"column":0},"end":{"line":22,"column":5}},"22":{"start":{"line":23,"column":0},"end":{"line":23,"column":1}},"23":{"start":{"line":24,"column":0},"end":{"line":24,"column":0}},"24":{"start":{"line":25,"column":0},"end":{"line":25,"column":25}}},"s":{"0":1,"1":1,"2":1,"3":4,"4":4,"5":4,"6":2,"7":2,"8":2,"9":2,"10":2,"11":2,"12":2,"13":2,"14":4,"15":4,"16":2,"17":2,"18":2,"19":2,"20":2,"21":2,"22":4,"23":1,"24":1},"branchMap":{"0":{"type":"branch","line":4,"loc":{"start":{"line":4,"column":0},"end":{"line":23,"column":1}},"locations":[{"start":{"line":4,"column":0},"end":{"line":23,"column":1}}]},"1":{"type":"branch","line":4,"loc":{"start":{"line":4,"column":0},"end":{"line":23,"column":1}},"locations":[{"start":{"line":4,"column":0},"end":{"line":23,"column":1}}]},"2":{"type":"branch","line":6,"loc":{"start":{"line":6,"column":4},"end":{"line":14,"column":5}},"locations":[{"start":{"line":6,"column":4},"end":{"line":14,"column":5}}]},"3":{"type":"branch","line":16,"loc":{"start":{"line":16,"column":4},"end":{"line":22,"column":5}},"locations":[{"start":{"line":16,"column":4},"end":{"line":22,"column":5}}]}},"b":{"0":[1],"1":[4],"2":[2],"3":[2]},"fnMap":{"0":{"name":"TagsController","decl":{"start":{"line":4,"column":0},"end":{"line":23,"column":1}},"loc":{"start":{"line":4,"column":0},"end":{"line":23,"column":1}},"line":4},"1":{"name":"Object.<anonymous>.TagsController.create","decl":{"start":{"line":6,"column":4},"end":{"line":14,"column":5}},"loc":{"start":{"line":6,"column":4},"end":{"line":14,"column":5}},"line":6},"2":{"name":"Object.<anonymous>.TagsController.search","decl":{"start":{"line":16,"column":4},"end":{"line":22,"column":5}},"loc":{"start":{"line":16,"column":4},"end":{"line":22,"column":5}},"line":16}},"f":{"0":4,"1":2,"2":2}}
,"C:\\Users\\wilto\\source-github\\nodejs\\next_level_week_6\\src\\entities\\Compliment.ts": {"path":"C:\\Users\\wilto\\source-github\\nodejs\\next_level_week_6\\src\\entities\\Compliment.ts","all":false,"statementMap":{"0":{"start":{"line":1,"column":0},"end":{"line":1,"column":96}},"1":{"start":{"line":2,"column":0},"end":{"line":2,"column":33}},"2":{"start":{"line":3,"column":0},"end":{"line":3,"column":27}},"3":{"start":{"line":4,"column":0},"end":{"line":4,"column":29}},"4":{"start":{"line":5,"column":0},"end":{"line":5,"column":0}},"5":{"start":{"line":6,"column":0},"end":{"line":6,"column":22}},"6":{"start":{"line":7,"column":0},"end":{"line":7,"column":18}},"7":{"start":{"line":8,"column":0},"end":{"line":8,"column":0}},"8":{"start":{"line":9,"column":0},"end":{"line":9,"column":18}},"9":{"start":{"line":10,"column":0},"end":{"line":10,"column":22}},"10":{"start":{"line":11,"column":0},"end":{"line":11,"column":0}},"11":{"start":{"line":12,"column":0},"end":{"line":12,"column":11}},"12":{"start":{"line":13,"column":0},"end":{"line":13,"column":22}},"13":{"start":{"line":14,"column":0},"end":{"line":14,"column":0}},"14":{"start":{"line":15,"column":0},"end":{"line":15,"column":36}},"15":{"start":{"line":16,"column":0},"end":{"line":16,"column":24}},"16":{"start":{"line":17,"column":0},"end":{"line":17,"column":19}},"17":{"start":{"line":18,"column":0},"end":{"line":18,"column":0}},"18":{"start":{"line":19,"column":0},"end":{"line":19,"column":11}},"19":{"start":{"line":20,"column":0},"end":{"line":20,"column":24}},"20":{"start":{"line":21,"column":0},"end":{"line":21,"column":0}},"21":{"start":{"line":22,"column":0},"end":{"line":22,"column":38}},"22":{"start":{"line":23,"column":0},"end":{"line":23,"column":24}},"23":{"start":{"line":24,"column":0},"end":{"line":24,"column":21}},"24":{"start":{"line":25,"column":0},"end":{"line":25,"column":0}},"25":{"start":{"line":26,"column":0},"end":{"line":26,"column":11}},"26":{"start":{"line":27,"column":0},"end":{"line":27,"column":17}},"27":{"start":{"line":28,"column":0},"end":{"line":28,"column":0}},"28":{"start":{"line":29,"column":0},"end":{"line":29,"column":31}},"29":{"start":{"line":30,"column":0},"end":{"line":30,"column":23}},"30":{"start":{"line":31,"column":0},"end":{"line":31,"column":11}},"31":{"start":{"line":32,"column":0},"end":{"line":32,"column":0}},"32":{"start":{"line":33,"column":0},"end":{"line":33,"column":11}},"33":{"start":{"line":34,"column":0},"end":{"line":34,"column":18}},"34":{"start":{"line":35,"column":0},"end":{"line":35,"column":0}},"35":{"start":{"line":36,"column":0},"end":{"line":36,"column":21}},"36":{"start":{"line":37,"column":0},"end":{"line":37,"column":19}},"37":{"start":{"line":38,"column":0},"end":{"line":38,"column":0}},"38":{"start":{"line":39,"column":0},"end":{"line":39,"column":17}},"39":{"start":{"line":40,"column":0},"end":{"line":40,"column":17}},"40":{"start":{"line":41,"column":0},"end":{"line":41,"column":23}},"41":{"start":{"line":42,"column":0},"end":{"line":42,"column":5}},"42":{"start":{"line":43,"column":0},"end":{"line":43,"column":3}},"43":{"start":{"line":44,"column":0},"end":{"line":44,"column":1}},"44":{"start":{"line":45,"column":0},"end":{"line":45,"column":0}},"45":{"start":{"line":46,"column":0},"end":{"line":46,"column":21}}},"s":{"0":1,"1":1,"2":1,"3":1,"4":1,"5":1,"6":1,"7":1,"8":1,"9":1,"10":1,"11":1,"12":1,"13":1,"14":1,"15":1,"16":1,"17":1,"18":1,"19":1,"20":1,"21":1,"22":1,"23":1,"24":1,"25":1,"26":1,"27":1,"28":1,"29":1,"30":1,"31":1,"32":1,"33":1,"34":1,"35":1,"36":1,"37":1,"38":1,"39":0,"40":0,"41":0,"42":0,"43":1,"44":1,"45":1},"branchMap":{"0":{"type":"branch","line":7,"loc":{"start":{"line":7,"column":0},"end":{"line":44,"column":1}},"locations":[{"start":{"line":7,"column":0},"end":{"line":44,"column":1}}]}},"b":{"0":[1]},"fnMap":{"0":{"name":"Compliment","decl":{"start":{"line":39,"column":2},"end":{"line":43,"column":3}},"loc":{"start":{"line":39,"column":2},"end":{"line":43,"column":3}},"line":39}},"f":{"0":0}}
,"C:\\Users\\wilto\\source-github\\nodejs\\next_level_week_6\\src\\entities\\Tag.ts": {"path":"C:\\Users\\wilto\\source-github\\nodejs\\next_level_week_6\\src\\entities\\Tag.ts","all":false,"statementMap":{"0":{"start":{"line":1,"column":0},"end":{"line":1,"column":92}},"1":{"start":{"line":2,"column":0},"end":{"line":2,"column":34}},"2":{"start":{"line":3,"column":0},"end":{"line":3,"column":43}},"3":{"start":{"line":4,"column":0},"end":{"line":4,"column":0}},"4":{"start":{"line":5,"column":0},"end":{"line":5,"column":0}},"5":{"start":{"line":6,"column":0},"end":{"line":6,"column":15}},"6":{"start":{"line":7,"column":0},"end":{"line":7,"column":11}},"7":{"start":{"line":8,"column":0},"end":{"line":8,"column":0}},"8":{"start":{"line":9,"column":0},"end":{"line":9,"column":18}},"9":{"start":{"line":10,"column":0},"end":{"line":10,"column":22}},"10":{"start":{"line":11,"column":0},"end":{"line":11,"column":0}},"11":{"start":{"line":12,"column":0},"end":{"line":12,"column":11}},"12":{"start":{"line":13,"column":0},"end":{"line":13,"column":15}},"13":{"start":{"line":14,"column":0},"end":{"line":14,"column":0}},"14":{"start":{"line":15,"column":0},"end":{"line":15,"column":21}},"15":{"start":{"line":16,"column":0},"end":{"line":16,"column":19}},"16":{"start":{"line":17,"column":0},"end":{"line":17,"column":0}},"17":{"start":{"line":18,"column":0},"end":{"line":18,"column":21}},"18":{"start":{"line":19,"column":0},"end":{"line":19,"column":19}},"19":{"start":{"line":20,"column":0},"end":{"line":20,"column":0}},"20":{"start":{"line":21,"column":0},"end":{"line":21,"column":32}},"21":{"start":{"line":22,"column":0},"end":{"line":22,"column":24}},"22":{"start":{"line":23,"column":0},"end":{"line":23,"column":26}},"23":{"start":{"line":24,"column":0},"end":{"line":24,"column":3}},"24":{"start":{"line":25,"column":0},"end":{"line":25,"column":0}},"25":{"start":{"line":26,"column":0},"end":{"line":26,"column":17}},"26":{"start":{"line":27,"column":0},"end":{"line":27,"column":18}},"27":{"start":{"line":28,"column":0},"end":{"line":28,"column":23}},"28":{"start":{"line":29,"column":0},"end":{"line":29,"column":5}},"29":{"start":{"line":30,"column":0},"end":{"line":30,"column":3}},"30":{"start":{"line":31,"column":0},"end":{"line":31,"column":0}},"31":{"start":{"line":32,"column":0},"end":{"line":32,"column":1}},"32":{"start":{"line":33,"column":0},"end":{"line":33,"column":0}},"33":{"start":{"line":34,"column":0},"end":{"line":34,"column":15}}},"s":{"0":1,"1":1,"2":1,"3":1,"4":1,"5":1,"6":1,"7":1,"8":1,"9":1,"10":1,"11":1,"12":1,"13":1,"14":1,"15":1,"16":1,"17":1,"18":1,"19":1,"20":1,"21":1,"22":0,"23":0,"24":1,"25":1,"26":0,"27":0,"28":0,"29":0,"30":1,"31":1,"32":1,"33":1},"branchMap":{"0":{"type":"branch","line":7,"loc":{"start":{"line":7,"column":0},"end":{"line":32,"column":1}},"locations":[{"start":{"line":7,"column":0},"end":{"line":32,"column":1}}]}},"b":{"0":[1]},"fnMap":{"0":{"name":"Tag","decl":{"start":{"line":26,"column":2},"end":{"line":30,"column":3}},"loc":{"start":{"line":26,"column":2},"end":{"line":30,"column":3}},"line":26},"1":{"name":"Object.<anonymous>.Tag.nameCustom","decl":{"start":{"line":22,"column":2},"end":{"line":24,"column":3}},"loc":{"start":{"line":22,"column":2},"end":{"line":24,"column":3}},"line":22}},"f":{"0":0,"1":0}}
,"C:\\Users\\wilto\\source-github\\nodejs\\next_level_week_6\\src\\entities\\User.ts": {"path":"C:\\Users\\wilto\\source-github\\nodejs\\next_level_week_6\\src\\entities\\User.ts","all":false,"statementMap":{"0":{"start":{"line":1,"column":0},"end":{"line":1,"column":92}},"1":{"start":{"line":2,"column":0},"end":{"line":2,"column":34}},"2":{"start":{"line":3,"column":0},"end":{"line":3,"column":44}},"3":{"start":{"line":4,"column":0},"end":{"line":4,"column":0}},"4":{"start":{"line":5,"column":0},"end":{"line":5,"column":16}},"5":{"start":{"line":6,"column":0},"end":{"line":6,"column":12}},"6":{"start":{"line":7,"column":0},"end":{"line":7,"column":0}},"7":{"start":{"line":8,"column":0},"end":{"line":8,"column":18}},"8":{"start":{"line":9,"column":0},"end":{"line":9,"column":22}},"9":{"start":{"line":10,"column":0},"end":{"line":10,"column":0}},"10":{"start":{"line":11,"column":0},"end":{"line":11,"column":11}},"11":{"start":{"line":12,"column":0},"end":{"line":12,"column":15}},"12":{"start":{"line":13,"column":0},"end":{"line":13,"column":0}},"13":{"start":{"line":14,"column":0},"end":{"line":14,"column":11}},"14":{"start":{"line":15,"column":0},"end":{"line":15,"column":16}},"15":{"start":{"line":16,"column":0},"end":{"line":16,"column":0}},"16":{"start":{"line":17,"column":0},"end":{"line":17,"column":11}},"17":{"start":{"line":18,"column":0},"end":{"line":18,"column":17}},"18":{"start":{"line":19,"column":0},"end":{"line":19,"column":0}},"19":{"start":{"line":20,"column":0},"end":{"line":20,"column":12}},"20":{"start":{"line":21,"column":0},"end":{"line":21,"column":11}},"21":{"start":{"line":22,"column":0},"end":{"line":22,"column":19}},"22":{"start":{"line":23,"column":0},"end":{"line":23,"column":0}},"23":{"start":{"line":24,"column":0},"end":{"line":24,"column":21}},"24":{"start":{"line":25,"column":0},"end":{"line":25,"column":19}},"25":{"start":{"line":26,"column":0},"end":{"line":26,"column":0}},"26":{"start":{"line":27,"column":0},"end":{"line":27,"column":21}},"27":{"start":{"line":28,"column":0},"end":{"line":28,"column":19}},"28":{"start":{"line":29,"column":0},"end":{"line":29,"column":0}},"29":{"start":{"line":30,"column":0},"end":{"line":30,"column":17}},"30":{"start":{"line":31,"column":0},"end":{"line":31,"column":18}},"31":{"start":{"line":32,"column":0},"end":{"line":32,"column":23}},"32":{"start":{"line":33,"column":0},"end":{"line":33,"column":5}},"33":{"start":{"line":34,"column":0},"end":{"line":34,"column":3}},"34":{"start":{"line":35,"column":0},"end":{"line":35,"column":0}},"35":{"start":{"line":36,"column":0},"end":{"line":36,"column":1}},"36":{"start":{"line":37,"column":0},"end":{"line":37,"column":0}},"37":{"start":{"line":38,"column":0},"end":{"line":38,"column":16}}},"s":{"0":1,"1":1,"2":1,"3":1,"4":1,"5":1,"6":1,"7":1,"8":1,"9":1,"10":1,"11":1,"12":1,"13":1,"14":1,"15":1,"16":1,"17":1,"18":1,"19":1,"20":1,"21":1,"22":1,"23":1,"24":1,"25":1,"26":1,"27":1,"28":1,"29":1,"30":0,"31":0,"32":0,"33":0,"34":1,"35":1,"36":1,"37":1},"branchMap":{"0":{"type":"branch","line":6,"loc":{"start":{"line":6,"column":0},"end":{"line":36,"column":1}},"locations":[{"start":{"line":6,"column":0},"end":{"line":36,"column":1}}]}},"b":{"0":[1]},"fnMap":{"0":{"name":"User","decl":{"start":{"line":30,"column":2},"end":{"line":34,"column":3}},"loc":{"start":{"line":30,"column":2},"end":{"line":34,"column":3}},"line":30}},"f":{"0":0}}
,"C:\\Users\\wilto\\source-github\\nodejs\\next_level_week_6\\src\\repositories\\ComplimentsRepositories.ts": {"path":"C:\\Users\\wilto\\source-github\\nodejs\\next_level_week_6\\src\\repositories\\ComplimentsRepositories.ts","all":false,"statementMap":{"0":{"start":{"line":1,"column":0},"end":{"line":1,"column":55}},"1":{"start":{"line":2,"column":0},"end":{"line":2,"column":52}},"2":{"start":{"line":3,"column":0},"end":{"line":3,"column":0}},"3":{"start":{"line":4,"column":0},"end":{"line":4,"column":29}},"4":{"start":{"line":5,"column":0},"end":{"line":5,"column":63}},"5":{"start":{"line":6,"column":0},"end":{"line":6,"column":0}},"6":{"start":{"line":7,"column":0},"end":{"line":7,"column":35}}},"s":{"0":1,"1":1,"2":1,"3":1,"4":1,"5":1,"6":1},"branchMap":{"0":{"type":"branch","line":5,"loc":{"start":{"line":5,"column":0},"end":{"line":5,"column":63}},"locations":[{"start":{"line":5,"column":0},"end":{"line":5,"column":63}}]},"1":{"type":"branch","line":5,"loc":{"start":{"line":5,"column":0},"end":{"line":5,"column":63}},"locations":[{"start":{"line":5,"column":0},"end":{"line":5,"column":63}}]}},"b":{"0":[1],"1":[1]},"fnMap":{"0":{"name":"ComplimentsRepositories","decl":{"start":{"line":5,"column":0},"end":{"line":5,"column":63}},"loc":{"start":{"line":5,"column":0},"end":{"line":5,"column":63}},"line":5}},"f":{"0":1}}
,"C:\\Users\\wilto\\source-github\\nodejs\\next_level_week_6\\src\\repositories\\TagsRepositories.ts": {"path":"C:\\Users\\wilto\\source-github\\nodejs\\next_level_week_6\\src\\repositories\\TagsRepositories.ts","all":false,"statementMap":{"0":{"start":{"line":1,"column":0},"end":{"line":1,"column":55}},"1":{"start":{"line":2,"column":0},"end":{"line":2,"column":38}},"2":{"start":{"line":3,"column":0},"end":{"line":3,"column":0}},"3":{"start":{"line":4,"column":0},"end":{"line":4,"column":22}},"4":{"start":{"line":5,"column":0},"end":{"line":5,"column":49}},"5":{"start":{"line":6,"column":0},"end":{"line":6,"column":0}},"6":{"start":{"line":7,"column":0},"end":{"line":7,"column":28}}},"s":{"0":1,"1":1,"2":1,"3":1,"4":1,"5":1,"6":1},"branchMap":{"0":{"type":"branch","line":5,"loc":{"start":{"line":5,"column":0},"end":{"line":5,"column":49}},"locations":[{"start":{"line":5,"column":0},"end":{"line":5,"column":49}}]},"1":{"type":"branch","line":5,"loc":{"start":{"line":5,"column":0},"end":{"line":5,"column":49}},"locations":[{"start":{"line":5,"column":0},"end":{"line":5,"column":49}}]}},"b":{"0":[1],"1":[1]},"fnMap":{"0":{"name":"TagsRepositories","decl":{"start":{"line":5,"column":0},"end":{"line":5,"column":49}},"loc":{"start":{"line":5,"column":0},"end":{"line":5,"column":49}},"line":5}},"f":{"0":1}}
,"C:\\Users\\wilto\\source-github\\nodejs\\next_level_week_6\\src\\repositories\\UsersRepositories.ts": {"path":"C:\\Users\\wilto\\source-github\\nodejs\\next_level_week_6\\src\\repositories\\UsersRepositories.ts","all":false,"statementMap":{"0":{"start":{"line":1,"column":0},"end":{"line":1,"column":54}},"1":{"start":{"line":2,"column":0},"end":{"line":2,"column":39}},"2":{"start":{"line":3,"column":0},"end":{"line":3,"column":0}},"3":{"start":{"line":4,"column":0},"end":{"line":4,"column":23}},"4":{"start":{"line":5,"column":0},"end":{"line":5,"column":50}},"5":{"start":{"line":6,"column":0},"end":{"line":6,"column":0}},"6":{"start":{"line":7,"column":0},"end":{"line":7,"column":28}}},"s":{"0":1,"1":1,"2":1,"3":1,"4":1,"5":1,"6":1},"branchMap":{"0":{"type":"branch","line":5,"loc":{"start":{"line":5,"column":0},"end":{"line":5,"column":50}},"locations":[{"start":{"line":5,"column":0},"end":{"line":5,"column":50}}]},"1":{"type":"branch","line":5,"loc":{"start":{"line":5,"column":0},"end":{"line":5,"column":50}},"locations":[{"start":{"line":5,"column":0},"end":{"line":5,"column":50}}]}},"b":{"0":[1],"1":[1]},"fnMap":{"0":{"name":"UsersRepositories","decl":{"start":{"line":5,"column":0},"end":{"line":5,"column":50}},"loc":{"start":{"line":5,"column":0},"end":{"line":5,"column":50}},"line":5}},"f":{"0":1}}
,"C:\\Users\\wilto\\source-github\\nodejs\\next_level_week_6\\src\\services\\AuthenticateUserService.ts": {"path":"C:\\Users\\wilto\\source-github\\nodejs\\next_level_week_6\\src\\services\\AuthenticateUserService.ts","all":false,"statementMap":{"0":{"start":{"line":1,"column":0},"end":{"line":1,"column":46}},"1":{"start":{"line":2,"column":0},"end":{"line":2,"column":35}},"2":{"start":{"line":3,"column":0},"end":{"line":3,"column":36}},"3":{"start":{"line":4,"column":0},"end":{"line":4,"column":70}},"4":{"start":{"line":5,"column":0},"end":{"line":5,"column":0}},"5":{"start":{"line":6,"column":0},"end":{"line":6,"column":32}},"6":{"start":{"line":7,"column":0},"end":{"line":7,"column":16}},"7":{"start":{"line":8,"column":0},"end":{"line":8,"column":18}},"8":{"start":{"line":9,"column":0},"end":{"line":9,"column":1}},"9":{"start":{"line":10,"column":0},"end":{"line":10,"column":0}},"10":{"start":{"line":11,"column":0},"end":{"line":11,"column":31}},"11":{"start":{"line":12,"column":0},"end":{"line":12,"column":0}},"12":{"start":{"line":13,"column":0},"end":{"line":13,"column":60}},"13":{"start":{"line":14,"column":0},"end":{"line":14,"column":69}},"14":{"start":{"line":15,"column":0},"end":{"line":15,"column":0}},"15":{"start":{"line":16,"column":0},"end":{"line":16,"column":50}},"16":{"start":{"line":17,"column":0},"end":{"line":17,"column":11}},"17":{"start":{"line":18,"column":0},"end":{"line":18,"column":7}},"18":{"start":{"line":19,"column":0},"end":{"line":19,"column":0}},"19":{"start":{"line":20,"column":0},"end":{"line":20,"column":15}},"20":{"start":{"line":21,"column":0},"end":{"line":21,"column":49}},"21":{"start":{"line":22,"column":0},"end":{"line":22,"column":5}},"22":{"start":{"line":23,"column":0},"end":{"line":23,"column":0}},"23":{"start":{"line":24,"column":0},"end":{"line":24,"column":64}},"24":{"start":{"line":25,"column":0},"end":{"line":25,"column":0}},"25":{"start":{"line":26,"column":0},"end":{"line":26,"column":24}},"26":{"start":{"line":27,"column":0},"end":{"line":27,"column":49}},"27":{"start":{"line":28,"column":0},"end":{"line":28,"column":5}},"28":{"start":{"line":29,"column":0},"end":{"line":29,"column":0}},"29":{"start":{"line":30,"column":0},"end":{"line":30,"column":24}},"30":{"start":{"line":31,"column":0},"end":{"line":31,"column":23}},"31":{"start":{"line":32,"column":0},"end":{"line":32,"column":44}},"32":{"start":{"line":33,"column":0},"end":{"line":33,"column":23}},"33":{"start":{"line":34,"column":0},"end":{"line":34,"column":21}},"34":{"start":{"line":35,"column":0},"end":{"line":35,"column":6}},"35":{"start":{"line":36,"column":0},"end":{"line":36,"column":0}},"36":{"start":{"line":37,"column":0},"end":{"line":37,"column":17}},"37":{"start":{"line":38,"column":0},"end":{"line":38,"column":3}},"38":{"start":{"line":39,"column":0},"end":{"line":39,"column":1}},"39":{"start":{"line":40,"column":0},"end":{"line":40,"column":0}},"40":{"start":{"line":41,"column":0},"end":{"line":41,"column":34}}},"s":{"0":1,"1":1,"2":1,"3":1,"4":1,"5":1,"6":1,"7":1,"8":1,"9":1,"10":3,"11":3,"12":3,"13":3,"14":3,"15":3,"16":3,"17":3,"18":3,"19":3,"20":1,"21":1,"22":2,"23":2,"24":3,"25":3,"26":1,"27":1,"28":1,"29":1,"30":1,"31":1,"32":1,"33":1,"34":1,"35":1,"36":1,"37":3,"38":3,"39":1,"40":1},"branchMap":{"0":{"type":"branch","line":11,"loc":{"start":{"line":11,"column":0},"end":{"line":39,"column":1}},"locations":[{"start":{"line":11,"column":0},"end":{"line":39,"column":1}}]},"1":{"type":"branch","line":11,"loc":{"start":{"line":11,"column":0},"end":{"line":39,"column":1}},"locations":[{"start":{"line":11,"column":0},"end":{"line":39,"column":1}}]},"2":{"type":"branch","line":13,"loc":{"start":{"line":13,"column":2},"end":{"line":38,"column":3}},"locations":[{"start":{"line":13,"column":2},"end":{"line":38,"column":3}}]},"3":{"type":"branch","line":20,"loc":{"start":{"line":20,"column":14},"end":{"line":22,"column":5}},"locations":[{"start":{"line":20,"column":14},"end":{"line":22,"column":5}}]},"4":{"type":"branch","line":23,"loc":{"start":{"line":23,"column":-2},"end":{"line":24,"column":64}},"locations":[{"start":{"line":23,"column":-2},"end":{"line":24,"column":64}}]},"5":{"type":"branch","line":26,"loc":{"start":{"line":26,"column":23},"end":{"line":37,"column":17}},"locations":[{"start":{"line":26,"column":23},"end":{"line":37,"column":17}}]}},"b":{"0":[1],"1":[3],"2":[3],"3":[1],"4":[2],"5":[1]},"fnMap":{"0":{"name":"AuthenticateUserService","decl":{"start":{"line":11,"column":0},"end":{"line":39,"column":1}},"loc":{"start":{"line":11,"column":0},"end":{"line":39,"column":1}},"line":11},"1":{"name":"Object.<anonymous>.AuthenticateUserService.execute","decl":{"start":{"line":13,"column":2},"end":{"line":38,"column":3}},"loc":{"start":{"line":13,"column":2},"end":{"line":38,"column":3}},"line":13}},"f":{"0":3,"1":3}}
,"C:\\Users\\wilto\\source-github\\nodejs\\next_level_week_6\\src\\services\\ComplimentsService.ts": {"path":"C:\\Users\\wilto\\source-github\\nodejs\\next_level_week_6\\src\\services\\ComplimentsService.ts","all":false,"statementMap":{"0":{"start":{"line":1,"column":0},"end":{"line":1,"column":57}},"1":{"start":{"line":2,"column":0},"end":{"line":2,"column":52}},"2":{"start":{"line":3,"column":0},"end":{"line":3,"column":82}},"3":{"start":{"line":4,"column":0},"end":{"line":4,"column":68}},"4":{"start":{"line":5,"column":0},"end":{"line":5,"column":70}},"5":{"start":{"line":6,"column":0},"end":{"line":6,"column":0}},"6":{"start":{"line":7,"column":0},"end":{"line":7,"column":30}},"7":{"start":{"line":8,"column":0},"end":{"line":8,"column":19}},"8":{"start":{"line":9,"column":0},"end":{"line":9,"column":24}},"9":{"start":{"line":10,"column":0},"end":{"line":10,"column":26}},"10":{"start":{"line":11,"column":0},"end":{"line":11,"column":20}},"11":{"start":{"line":12,"column":0},"end":{"line":12,"column":1}},"12":{"start":{"line":13,"column":0},"end":{"line":13,"column":0}},"13":{"start":{"line":14,"column":0},"end":{"line":14,"column":26}},"14":{"start":{"line":15,"column":0},"end":{"line":15,"column":0}},"15":{"start":{"line":16,"column":0},"end":{"line":16,"column":59}},"16":{"start":{"line":17,"column":0},"end":{"line":17,"column":0}},"17":{"start":{"line":18,"column":0},"end":{"line":18,"column":19}},"18":{"start":{"line":19,"column":0},"end":{"line":19,"column":83}},"19":{"start":{"line":20,"column":0},"end":{"line":20,"column":5}},"20":{"start":{"line":21,"column":0},"end":{"line":21,"column":0}},"21":{"start":{"line":22,"column":0},"end":{"line":22,"column":20}},"22":{"start":{"line":23,"column":0},"end":{"line":23,"column":69}},"23":{"start":{"line":24,"column":0},"end":{"line":24,"column":0}},"24":{"start":{"line":25,"column":0},"end":{"line":25,"column":26}},"25":{"start":{"line":26,"column":0},"end":{"line":26,"column":5}},"26":{"start":{"line":27,"column":0},"end":{"line":27,"column":0}},"27":{"start":{"line":28,"column":0},"end":{"line":28,"column":87}},"28":{"start":{"line":29,"column":0},"end":{"line":29,"column":73}},"29":{"start":{"line":30,"column":0},"end":{"line":30,"column":71}},"30":{"start":{"line":31,"column":0},"end":{"line":31,"column":0}},"31":{"start":{"line":32,"column":0},"end":{"line":32,"column":42}},"32":{"start":{"line":33,"column":0},"end":{"line":33,"column":53}},"33":{"start":{"line":34,"column":0},"end":{"line":34,"column":9}},"34":{"start":{"line":35,"column":0},"end":{"line":35,"column":0}},"35":{"start":{"line":36,"column":0},"end":{"line":36,"column":65}},"36":{"start":{"line":37,"column":0},"end":{"line":37,"column":0}},"37":{"start":{"line":38,"column":0},"end":{"line":38,"column":24}},"38":{"start":{"line":39,"column":0},"end":{"line":39,"column":49}},"39":{"start":{"line":40,"column":0},"end":{"line":40,"column":9}},"40":{"start":{"line":41,"column":0},"end":{"line":41,"column":0}},"41":{"start":{"line":42,"column":0},"end":{"line":42,"column":81}},"42":{"start":{"line":43,"column":0},"end":{"line":43,"column":0}},"43":{"start":{"line":44,"column":0},"end":{"line":44,"column":33}},"44":{"start":{"line":45,"column":0},"end":{"line":45,"column":60}},"45":{"start":{"line":46,"column":0},"end":{"line":46,"column":9}},"46":{"start":{"line":47,"column":0},"end":{"line":47,"column":0}},"47":{"start":{"line":48,"column":0},"end":{"line":48,"column":64}},"48":{"start":{"line":49,"column":0},"end":{"line":49,"column":17}},"49":{"start":{"line":50,"column":0},"end":{"line":50,"column":24}},"50":{"start":{"line":51,"column":0},"end":{"line":51,"column":22}},"51":{"start":{"line":52,"column":0},"end":{"line":52,"column":17}},"52":{"start":{"line":53,"column":0},"end":{"line":53,"column":11}},"53":{"start":{"line":54,"column":0},"end":{"line":54,"column":0}},"54":{"start":{"line":55,"column":0},"end":{"line":55,"column":60}},"55":{"start":{"line":56,"column":0},"end":{"line":56,"column":0}},"56":{"start":{"line":57,"column":0},"end":{"line":57,"column":26}},"57":{"start":{"line":58,"column":0},"end":{"line":58,"column":5}},"58":{"start":{"line":59,"column":0},"end":{"line":59,"column":0}},"59":{"start":{"line":60,"column":0},"end":{"line":60,"column":62}},"60":{"start":{"line":61,"column":0},"end":{"line":61,"column":67}},"61":{"start":{"line":62,"column":0},"end":{"line":62,"column":26}},"62":{"start":{"line":63,"column":0},"end":{"line":63,"column":19}},"63":{"start":{"line":64,"column":0},"end":{"line":64,"column":8}},"64":{"start":{"line":65,"column":0},"end":{"line":65,"column":0}},"65":{"start":{"line":66,"column":0},"end":{"line":66,"column":23}},"66":{"start":{"line":67,"column":0},"end":{"line":67,"column":49}},"67":{"start":{"line":68,"column":0},"end":{"line":68,"column":7}},"68":{"start":{"line":69,"column":0},"end":{"line":69,"column":0}},"69":{"start":{"line":70,"column":0},"end":{"line":70,"column":68}},"70":{"start":{"line":71,"column":0},"end":{"line":71,"column":25}},"71":{"start":{"line":72,"column":0},"end":{"line":72,"column":8}},"72":{"start":{"line":73,"column":0},"end":{"line":73,"column":0}},"73":{"start":{"line":74,"column":0},"end":{"line":74,"column":23}},"74":{"start":{"line":75,"column":0},"end":{"line":75,"column":5}},"75":{"start":{"line":76,"column":0},"end":{"line":76,"column":0}},"76":{"start":{"line":77,"column":0},"end":{"line":77,"column":1}},"77":{"start":{"line":78,"column":0},"end":{"line":78,"column":0}},"78":{"start":{"line":79,"column":0},"end":{"line":79,"column":29}}},"s":{"0":1,"1":1,"2":1,"3":1,"4":1,"5":1,"6":1,"7":1,"8":1,"9":1,"10":1,"11":1,"12":1,"13":1,"14":1,"15":1,"16":1,"17":1,"18":7,"19":7,"20":1,"21":1,"22":1,"23":1,"24":1,"25":1,"26":1,"27":1,"28":4,"29":4,"30":4,"31":4,"32":1,"33":1,"34":3,"35":3,"36":4,"37":4,"38":1,"39":1,"40":2,"41":2,"42":4,"43":4,"44":1,"45":1,"46":1,"47":1,"48":1,"49":1,"50":1,"51":1,"52":1,"53":1,"54":1,"55":4,"56":4,"57":4,"58":1,"59":1,"60":2,"61":2,"62":2,"63":2,"64":2,"65":2,"66":1,"67":1,"68":1,"69":1,"70":1,"71":1,"72":2,"73":2,"74":2,"75":1,"76":1,"77":1,"78":1},"branchMap":{"0":{"type":"branch","line":14,"loc":{"start":{"line":14,"column":0},"end":{"line":77,"column":1}},"locations":[{"start":{"line":14,"column":0},"end":{"line":77,"column":1}}]},"1":{"type":"branch","line":18,"loc":{"start":{"line":18,"column":4},"end":{"line":20,"column":5}},"locations":[{"start":{"line":18,"column":4},"end":{"line":20,"column":5}}]},"2":{"type":"branch","line":22,"loc":{"start":{"line":22,"column":4},"end":{"line":26,"column":5}},"locations":[{"start":{"line":22,"column":4},"end":{"line":26,"column":5}}]},"3":{"type":"branch","line":23,"loc":{"start":{"line":23,"column":28},"end":{"line":23,"column":69}},"locations":[{"start":{"line":23,"column":28},"end":{"line":23,"column":69}}]},"4":{"type":"branch","line":28,"loc":{"start":{"line":28,"column":4},"end":{"line":58,"column":5}},"locations":[{"start":{"line":28,"column":4},"end":{"line":58,"column":5}}]},"5":{"type":"branch","line":32,"loc":{"start":{"line":32,"column":41},"end":{"line":34,"column":9}},"locations":[{"start":{"line":32,"column":41},"end":{"line":34,"column":9}}]},"6":{"type":"branch","line":35,"loc":{"start":{"line":35,"column":-2},"end":{"line":36,"column":65}},"locations":[{"start":{"line":35,"column":-2},"end":{"line":36,"column":65}}]},"7":{"type":"branch","line":38,"loc":{"start":{"line":38,"column":23},"end":{"line":40,"column":9}},"locations":[{"start":{"line":38,"column":23},"end":{"line":40,"column":9}}]},"8":{"type":"branch","line":41,"loc":{"start":{"line":41,"column":-2},"end":{"line":42,"column":81}},"locations":[{"start":{"line":41,"column":-2},"end":{"line":42,"column":81}}]},"9":{"type":"branch","line":44,"loc":{"start":{"line":44,"column":32},"end":{"line":55,"column":60}},"locations":[{"start":{"line":44,"column":32},"end":{"line":55,"column":60}}]},"10":{"type":"branch","line":60,"loc":{"start":{"line":60,"column":4},"end":{"line":75,"column":5}},"locations":[{"start":{"line":60,"column":4},"end":{"line":75,"column":5}}]},"11":{"type":"branch","line":61,"loc":{"start":{"line":61,"column":23},"end":{"line":64,"column":8}},"locations":[{"start":{"line":61,"column":23},"end":{"line":64,"column":8}}]},"12":{"type":"branch","line":66,"loc":{"start":{"line":66,"column":22},"end":{"line":72,"column":8}},"locations":[{"start":{"line":66,"column":22},"end":{"line":72,"column":8}}]}},"b":{"0":[1],"1":[7],"2":[1],"3":[1],"4":[4],"5":[1],"6":[3],"7":[1],"8":[2],"9":[1],"10":[2],"11":[2],"12":[1]},"fnMap":{"0":{"name":"ComplimentsService","decl":{"start":{"line":18,"column":4},"end":{"line":20,"column":5}},"loc":{"start":{"line":18,"column":4},"end":{"line":20,"column":5}},"line":18},"1":{"name":"Object.<anonymous>.ComplimentsService.search","decl":{"start":{"line":22,"column":4},"end":{"line":26,"column":5}},"loc":{"start":{"line":22,"column":4},"end":{"line":26,"column":5}},"line":22},"2":{"name":"Object.<anonymous>.ComplimentsService.create","decl":{"start":{"line":28,"column":4},"end":{"line":58,"column":5}},"loc":{"start":{"line":28,"column":4},"end":{"line":58,"column":5}},"line":28},"3":{"name":"Object.<anonymous>.ComplimentsService.remove","decl":{"start":{"line":60,"column":4},"end":{"line":75,"column":5}},"loc":{"start":{"line":60,"column":4},"end":{"line":75,"column":5}},"line":60}},"f":{"0":7,"1":1,"2":4,"3":2}}
,"C:\\Users\\wilto\\source-github\\nodejs\\next_level_week_6\\src\\services\\TagsService.ts": {"path":"C:\\Users\\wilto\\source-github\\nodejs\\next_level_week_6\\src\\services\\TagsService.ts","all":false,"statementMap":{"0":{"start":{"line":1,"column":0},"end":{"line":1,"column":46}},"1":{"start":{"line":2,"column":0},"end":{"line":2,"column":68}},"2":{"start":{"line":3,"column":0},"end":{"line":3,"column":49}},"3":{"start":{"line":4,"column":0},"end":{"line":4,"column":0}},"4":{"start":{"line":5,"column":0},"end":{"line":5,"column":19}},"5":{"start":{"line":6,"column":0},"end":{"line":6,"column":0}},"6":{"start":{"line":7,"column":0},"end":{"line":7,"column":32}},"7":{"start":{"line":8,"column":0},"end":{"line":8,"column":71}},"8":{"start":{"line":9,"column":0},"end":{"line":9,"column":0}},"9":{"start":{"line":10,"column":0},"end":{"line":10,"column":20}},"10":{"start":{"line":11,"column":0},"end":{"line":11,"column":45}},"11":{"start":{"line":12,"column":0},"end":{"line":12,"column":9}},"12":{"start":{"line":13,"column":0},"end":{"line":13,"column":0}},"13":{"start":{"line":14,"column":0},"end":{"line":14,"column":31}},"14":{"start":{"line":15,"column":0},"end":{"line":15,"column":75}},"15":{"start":{"line":16,"column":0},"end":{"line":16,"column":9}},"16":{"start":{"line":17,"column":0},"end":{"line":17,"column":0}},"17":{"start":{"line":18,"column":0},"end":{"line":18,"column":49}},"18":{"start":{"line":19,"column":0},"end":{"line":19,"column":65}},"19":{"start":{"line":20,"column":0},"end":{"line":20,"column":14}},"20":{"start":{"line":21,"column":0},"end":{"line":21,"column":11}},"21":{"start":{"line":22,"column":0},"end":{"line":22,"column":0}},"22":{"start":{"line":23,"column":0},"end":{"line":23,"column":30}},"23":{"start":{"line":24,"column":0},"end":{"line":24,"column":49}},"24":{"start":{"line":25,"column":0},"end":{"line":25,"column":9}},"25":{"start":{"line":26,"column":0},"end":{"line":26,"column":0}},"26":{"start":{"line":27,"column":0},"end":{"line":27,"column":45}},"27":{"start":{"line":28,"column":0},"end":{"line":28,"column":14}},"28":{"start":{"line":29,"column":0},"end":{"line":29,"column":11}},"29":{"start":{"line":30,"column":0},"end":{"line":30,"column":0}},"30":{"start":{"line":31,"column":0},"end":{"line":31,"column":41}},"31":{"start":{"line":32,"column":0},"end":{"line":32,"column":0}},"32":{"start":{"line":33,"column":0},"end":{"line":33,"column":19}},"33":{"start":{"line":34,"column":0},"end":{"line":34,"column":5}},"34":{"start":{"line":35,"column":0},"end":{"line":35,"column":0}},"35":{"start":{"line":36,"column":0},"end":{"line":36,"column":20}},"36":{"start":{"line":37,"column":0},"end":{"line":37,"column":71}},"37":{"start":{"line":38,"column":0},"end":{"line":38,"column":0}},"38":{"start":{"line":39,"column":0},"end":{"line":39,"column":51}},"39":{"start":{"line":40,"column":0},"end":{"line":40,"column":0}},"40":{"start":{"line":41,"column":0},"end":{"line":41,"column":34}},"41":{"start":{"line":42,"column":0},"end":{"line":42,"column":5}},"42":{"start":{"line":43,"column":0},"end":{"line":43,"column":1}},"43":{"start":{"line":44,"column":0},"end":{"line":44,"column":0}},"44":{"start":{"line":45,"column":0},"end":{"line":45,"column":22}}},"s":{"0":1,"1":1,"2":1,"3":1,"4":5,"5":5,"6":5,"7":4,"8":4,"9":4,"10":1,"11":1,"12":3,"13":4,"14":1,"15":1,"16":2,"17":2,"18":2,"19":2,"20":2,"21":4,"22":4,"23":1,"24":1,"25":1,"26":1,"27":1,"28":1,"29":1,"30":1,"31":4,"32":4,"33":4,"34":5,"35":5,"36":1,"37":1,"38":1,"39":1,"40":1,"41":1,"42":5,"43":1,"44":1},"branchMap":{"0":{"type":"branch","line":5,"loc":{"start":{"line":5,"column":0},"end":{"line":43,"column":1}},"locations":[{"start":{"line":5,"column":0},"end":{"line":43,"column":1}}]},"1":{"type":"branch","line":5,"loc":{"start":{"line":5,"column":0},"end":{"line":43,"column":1}},"locations":[{"start":{"line":5,"column":0},"end":{"line":43,"column":1}}]},"2":{"type":"branch","line":7,"loc":{"start":{"line":7,"column":4},"end":{"line":34,"column":5}},"locations":[{"start":{"line":7,"column":4},"end":{"line":34,"column":5}}]},"3":{"type":"branch","line":10,"loc":{"start":{"line":10,"column":19},"end":{"line":12,"column":9}},"locations":[{"start":{"line":10,"column":19},"end":{"line":12,"column":9}}]},"4":{"type":"branch","line":13,"loc":{"start":{"line":13,"column":-2},"end":{"line":14,"column":30}},"locations":[{"start":{"line":13,"column":-2},"end":{"line":14,"column":30}}]},"5":{"type":"branch","line":14,"loc":{"start":{"line":14,"column":30},"end":{"line":16,"column":9}},"locations":[{"start":{"line":14,"column":30},"end":{"line":16,"column":9}}]},"6":{"type":"branch","line":17,"loc":{"start":{"line":17,"column":-2},"end":{"line":21,"column":11}},"locations":[{"start":{"line":17,"column":-2},"end":{"line":21,"column":11}}]},"7":{"type":"branch","line":23,"loc":{"start":{"line":23,"column":29},"end":{"line":31,"column":41}},"locations":[{"start":{"line":23,"column":29},"end":{"line":31,"column":41}}]},"8":{"type":"branch","line":36,"loc":{"start":{"line":36,"column":4},"end":{"line":42,"column":5}},"locations":[{"start":{"line":36,"column":4},"end":{"line":42,"column":5}}]}},"b":{"0":[1],"1":[5],"2":[4],"3":[1],"4":[3],"5":[1],"6":[2],"7":[1],"8":[1]},"fnMap":{"0":{"name":"TagsService","decl":{"start":{"line":5,"column":0},"end":{"line":43,"column":1}},"loc":{"start":{"line":5,"column":0},"end":{"line":43,"column":1}},"line":5},"1":{"name":"Object.<anonymous>.TagsService.create","decl":{"start":{"line":7,"column":4},"end":{"line":34,"column":5}},"loc":{"start":{"line":7,"column":4},"end":{"line":34,"column":5}},"line":7},"2":{"name":"Object.<anonymous>.TagsService.search","decl":{"start":{"line":36,"column":4},"end":{"line":42,"column":5}},"loc":{"start":{"line":36,"column":4},"end":{"line":42,"column":5}},"line":36}},"f":{"0":5,"1":4,"2":1}}
,"C:\\Users\\wilto\\source-github\\nodejs\\next_level_week_6\\src\\services\\UsersService.ts": {"path":"C:\\Users\\wilto\\source-github\\nodejs\\next_level_week_6\\src\\services\\UsersService.ts","all":false,"statementMap":{"0":{"start":{"line":1,"column":0},"end":{"line":1,"column":46}},"1":{"start":{"line":2,"column":0},"end":{"line":2,"column":70}},"2":{"start":{"line":3,"column":0},"end":{"line":3,"column":49}},"3":{"start":{"line":4,"column":0},"end":{"line":4,"column":32}},"4":{"start":{"line":5,"column":0},"end":{"line":5,"column":0}},"5":{"start":{"line":6,"column":0},"end":{"line":6,"column":24}},"6":{"start":{"line":7,"column":0},"end":{"line":7,"column":15}},"7":{"start":{"line":8,"column":0},"end":{"line":8,"column":16}},"8":{"start":{"line":9,"column":0},"end":{"line":9,"column":18}},"9":{"start":{"line":10,"column":0},"end":{"line":10,"column":19}},"10":{"start":{"line":11,"column":0},"end":{"line":11,"column":3}},"11":{"start":{"line":12,"column":0},"end":{"line":12,"column":0}},"12":{"start":{"line":13,"column":0},"end":{"line":13,"column":21}},"13":{"start":{"line":14,"column":0},"end":{"line":14,"column":13}},"14":{"start":{"line":15,"column":0},"end":{"line":15,"column":16}},"15":{"start":{"line":16,"column":0},"end":{"line":16,"column":17}},"16":{"start":{"line":17,"column":0},"end":{"line":17,"column":17}},"17":{"start":{"line":18,"column":0},"end":{"line":18,"column":3}},"18":{"start":{"line":19,"column":0},"end":{"line":19,"column":0}},"19":{"start":{"line":20,"column":0},"end":{"line":20,"column":25}},"20":{"start":{"line":21,"column":0},"end":{"line":21,"column":13}},"21":{"start":{"line":22,"column":0},"end":{"line":22,"column":18}},"22":{"start":{"line":23,"column":0},"end":{"line":23,"column":1}},"23":{"start":{"line":24,"column":0},"end":{"line":24,"column":0}},"24":{"start":{"line":25,"column":0},"end":{"line":25,"column":23}},"25":{"start":{"line":26,"column":0},"end":{"line":26,"column":16}},"26":{"start":{"line":27,"column":0},"end":{"line":27,"column":16}},"27":{"start":{"line":28,"column":0},"end":{"line":28,"column":1}},"28":{"start":{"line":29,"column":0},"end":{"line":29,"column":20}},"29":{"start":{"line":30,"column":0},"end":{"line":30,"column":71}},"30":{"start":{"line":31,"column":0},"end":{"line":31,"column":69}},"31":{"start":{"line":32,"column":0},"end":{"line":32,"column":0}},"32":{"start":{"line":33,"column":0},"end":{"line":33,"column":16}},"33":{"start":{"line":34,"column":0},"end":{"line":34,"column":41}},"34":{"start":{"line":35,"column":0},"end":{"line":35,"column":5}},"35":{"start":{"line":36,"column":0},"end":{"line":36,"column":0}},"36":{"start":{"line":37,"column":0},"end":{"line":37,"column":63}},"37":{"start":{"line":38,"column":0},"end":{"line":38,"column":11}},"38":{"start":{"line":39,"column":0},"end":{"line":39,"column":7}},"39":{"start":{"line":40,"column":0},"end":{"line":40,"column":0}},"40":{"start":{"line":41,"column":0},"end":{"line":41,"column":27}},"41":{"start":{"line":42,"column":0},"end":{"line":42,"column":45}},"42":{"start":{"line":43,"column":0},"end":{"line":43,"column":5}},"43":{"start":{"line":44,"column":0},"end":{"line":44,"column":0}},"44":{"start":{"line":45,"column":0},"end":{"line":45,"column":41}},"45":{"start":{"line":46,"column":0},"end":{"line":46,"column":0}},"46":{"start":{"line":47,"column":0},"end":{"line":47,"column":16}},"47":{"start":{"line":48,"column":0},"end":{"line":48,"column":60}},"48":{"start":{"line":49,"column":0},"end":{"line":49,"column":5}},"49":{"start":{"line":50,"column":0},"end":{"line":50,"column":0}},"50":{"start":{"line":51,"column":0},"end":{"line":51,"column":30}},"51":{"start":{"line":52,"column":0},"end":{"line":52,"column":58}},"52":{"start":{"line":53,"column":0},"end":{"line":53,"column":5}},"53":{"start":{"line":54,"column":0},"end":{"line":54,"column":0}},"54":{"start":{"line":55,"column":0},"end":{"line":55,"column":48}},"55":{"start":{"line":56,"column":0},"end":{"line":56,"column":0}},"56":{"start":{"line":57,"column":0},"end":{"line":57,"column":43}},"57":{"start":{"line":58,"column":0},"end":{"line":58,"column":11}},"58":{"start":{"line":59,"column":0},"end":{"line":59,"column":12}},"59":{"start":{"line":60,"column":0},"end":{"line":60,"column":12}},"60":{"start":{"line":61,"column":0},"end":{"line":61,"column":29}},"61":{"start":{"line":62,"column":0},"end":{"line":62,"column":7}},"62":{"start":{"line":63,"column":0},"end":{"line":63,"column":0}},"63":{"start":{"line":64,"column":0},"end":{"line":64,"column":39}},"64":{"start":{"line":65,"column":0},"end":{"line":65,"column":0}},"65":{"start":{"line":66,"column":0},"end":{"line":66,"column":16}},"66":{"start":{"line":67,"column":0},"end":{"line":67,"column":3}},"67":{"start":{"line":68,"column":0},"end":{"line":68,"column":0}},"68":{"start":{"line":69,"column":0},"end":{"line":69,"column":43}},"69":{"start":{"line":70,"column":0},"end":{"line":70,"column":71}},"70":{"start":{"line":71,"column":0},"end":{"line":71,"column":0}},"71":{"start":{"line":72,"column":0},"end":{"line":72,"column":49}},"72":{"start":{"line":73,"column":0},"end":{"line":73,"column":0}},"73":{"start":{"line":74,"column":0},"end":{"line":74,"column":39}},"74":{"start":{"line":75,"column":0},"end":{"line":75,"column":42}},"75":{"start":{"line":76,"column":0},"end":{"line":76,"column":0}},"76":{"start":{"line":77,"column":0},"end":{"line":77,"column":59}},"77":{"start":{"line":78,"column":0},"end":{"line":78,"column":0}},"78":{"start":{"line":79,"column":0},"end":{"line":79,"column":33}},"79":{"start":{"line":80,"column":0},"end":{"line":80,"column":3}},"80":{"start":{"line":81,"column":0},"end":{"line":81,"column":0}},"81":{"start":{"line":82,"column":0},"end":{"line":82,"column":28}},"82":{"start":{"line":83,"column":0},"end":{"line":83,"column":69}},"83":{"start":{"line":84,"column":0},"end":{"line":84,"column":0}},"84":{"start":{"line":85,"column":0},"end":{"line":85,"column":53}},"85":{"start":{"line":86,"column":0},"end":{"line":86,"column":15}},"86":{"start":{"line":87,"column":0},"end":{"line":87,"column":40}},"87":{"start":{"line":88,"column":0},"end":{"line":88,"column":5}},"88":{"start":{"line":89,"column":0},"end":{"line":89,"column":16}},"89":{"start":{"line":90,"column":0},"end":{"line":90,"column":3}},"90":{"start":{"line":91,"column":0},"end":{"line":91,"column":0}},"91":{"start":{"line":92,"column":0},"end":{"line":92,"column":51}},"92":{"start":{"line":93,"column":0},"end":{"line":93,"column":69}},"93":{"start":{"line":94,"column":0},"end":{"line":94,"column":0}},"94":{"start":{"line":95,"column":0},"end":{"line":95,"column":61}},"95":{"start":{"line":96,"column":0},"end":{"line":96,"column":8}},"96":{"start":{"line":97,"column":0},"end":{"line":97,"column":7}},"97":{"start":{"line":98,"column":0},"end":{"line":98,"column":0}},"98":{"start":{"line":99,"column":0},"end":{"line":99,"column":26}},"99":{"start":{"line":100,"column":0},"end":{"line":100,"column":44}},"100":{"start":{"line":101,"column":0},"end":{"line":101,"column":5}},"101":{"start":{"line":102,"column":0},"end":{"line":102,"column":0}},"102":{"start":{"line":103,"column":0},"end":{"line":103,"column":144}},"103":{"start":{"line":104,"column":0},"end":{"line":104,"column":46}},"104":{"start":{"line":105,"column":0},"end":{"line":105,"column":5}},"105":{"start":{"line":106,"column":0},"end":{"line":106,"column":0}},"106":{"start":{"line":107,"column":0},"end":{"line":107,"column":36}},"107":{"start":{"line":108,"column":0},"end":{"line":108,"column":27}},"108":{"start":{"line":109,"column":0},"end":{"line":109,"column":43}},"109":{"start":{"line":110,"column":0},"end":{"line":110,"column":46}},"110":{"start":{"line":111,"column":0},"end":{"line":111,"column":45}},"111":{"start":{"line":112,"column":0},"end":{"line":112,"column":5}},"112":{"start":{"line":113,"column":0},"end":{"line":113,"column":0}},"113":{"start":{"line":114,"column":0},"end":{"line":114,"column":56}},"114":{"start":{"line":115,"column":0},"end":{"line":115,"column":3}},"115":{"start":{"line":116,"column":0},"end":{"line":116,"column":0}},"116":{"start":{"line":117,"column":0},"end":{"line":117,"column":51}},"117":{"start":{"line":118,"column":0},"end":{"line":118,"column":69}},"118":{"start":{"line":119,"column":0},"end":{"line":119,"column":50}},"119":{"start":{"line":120,"column":0},"end":{"line":120,"column":17}},"120":{"start":{"line":121,"column":0},"end":{"line":121,"column":7}},"121":{"start":{"line":122,"column":0},"end":{"line":122,"column":0}},"122":{"start":{"line":123,"column":0},"end":{"line":123,"column":21}},"123":{"start":{"line":124,"column":0},"end":{"line":124,"column":46}},"124":{"start":{"line":125,"column":0},"end":{"line":125,"column":5}},"125":{"start":{"line":126,"column":0},"end":{"line":126,"column":0}},"126":{"start":{"line":127,"column":0},"end":{"line":127,"column":30}},"127":{"start":{"line":128,"column":0},"end":{"line":128,"column":54}},"128":{"start":{"line":129,"column":0},"end":{"line":129,"column":5}},"129":{"start":{"line":130,"column":0},"end":{"line":130,"column":0}},"130":{"start":{"line":131,"column":0},"end":{"line":131,"column":49}},"131":{"start":{"line":132,"column":0},"end":{"line":132,"column":17}},"132":{"start":{"line":133,"column":0},"end":{"line":133,"column":6}},"133":{"start":{"line":134,"column":0},"end":{"line":134,"column":0}},"134":{"start":{"line":135,"column":0},"end":{"line":135,"column":15}},"135":{"start":{"line":136,"column":0},"end":{"line":136,"column":3}},"136":{"start":{"line":137,"column":0},"end":{"line":137,"column":0}},"137":{"start":{"line":138,"column":0},"end":{"line":138,"column":47}},"138":{"start":{"line":139,"column":0},"end":{"line":139,"column":69}},"139":{"start":{"line":140,"column":0},"end":{"line":140,"column":0}},"140":{"start":{"line":141,"column":0},"end":{"line":141,"column":61}},"141":{"start":{"line":142,"column":0},"end":{"line":142,"column":8}},"142":{"start":{"line":143,"column":0},"end":{"line":143,"column":6}},"143":{"start":{"line":144,"column":0},"end":{"line":144,"column":0}},"144":{"start":{"line":145,"column":0},"end":{"line":145,"column":26}},"145":{"start":{"line":146,"column":0},"end":{"line":146,"column":46}},"146":{"start":{"line":147,"column":0},"end":{"line":147,"column":5}},"147":{"start":{"line":148,"column":0},"end":{"line":148,"column":0}},"148":{"start":{"line":149,"column":0},"end":{"line":149,"column":41}},"149":{"start":{"line":150,"column":0},"end":{"line":150,"column":0}},"150":{"start":{"line":151,"column":0},"end":{"line":151,"column":16}},"151":{"start":{"line":152,"column":0},"end":{"line":152,"column":60}},"152":{"start":{"line":153,"column":0},"end":{"line":153,"column":5}},"153":{"start":{"line":154,"column":0},"end":{"line":154,"column":0}},"154":{"start":{"line":155,"column":0},"end":{"line":155,"column":30}},"155":{"start":{"line":156,"column":0},"end":{"line":156,"column":58}},"156":{"start":{"line":157,"column":0},"end":{"line":157,"column":5}},"157":{"start":{"line":158,"column":0},"end":{"line":158,"column":0}},"158":{"start":{"line":159,"column":0},"end":{"line":159,"column":48}},"159":{"start":{"line":160,"column":0},"end":{"line":160,"column":0}},"160":{"start":{"line":161,"column":0},"end":{"line":161,"column":25}},"161":{"start":{"line":162,"column":0},"end":{"line":162,"column":25}},"162":{"start":{"line":163,"column":0},"end":{"line":163,"column":28}},"163":{"start":{"line":164,"column":0},"end":{"line":164,"column":5}},"164":{"start":{"line":165,"column":0},"end":{"line":165,"column":0}},"165":{"start":{"line":166,"column":0},"end":{"line":166,"column":56}},"166":{"start":{"line":167,"column":0},"end":{"line":167,"column":3}},"167":{"start":{"line":168,"column":0},"end":{"line":168,"column":1}},"168":{"start":{"line":169,"column":0},"end":{"line":169,"column":0}},"169":{"start":{"line":170,"column":0},"end":{"line":170,"column":23}}},"s":{"0":1,"1":1,"2":1,"3":1,"4":1,"5":1,"6":1,"7":1,"8":1,"9":1,"10":1,"11":1,"12":1,"13":1,"14":1,"15":1,"16":1,"17":1,"18":1,"19":1,"20":1,"21":1,"22":1,"23":1,"24":1,"25":1,"26":1,"27":1,"28":27,"29":27,"30":8,"31":8,"32":8,"33":1,"34":1,"35":7,"36":7,"37":7,"38":7,"39":8,"40":8,"41":1,"42":1,"43":6,"44":6,"45":6,"46":8,"47":1,"48":1,"49":5,"50":8,"51":2,"52":2,"53":3,"54":3,"55":8,"56":8,"57":8,"58":8,"59":8,"60":8,"61":8,"62":8,"63":8,"64":8,"65":8,"66":8,"67":27,"68":27,"69":3,"70":3,"71":3,"72":3,"73":3,"74":3,"75":3,"76":3,"77":3,"78":3,"79":3,"80":27,"81":27,"82":2,"83":2,"84":2,"85":2,"86":1,"87":1,"88":1,"89":2,"90":27,"91":27,"92":6,"93":6,"94":6,"95":6,"96":6,"97":6,"98":6,"99":1,"100":1,"101":5,"102":6,"103":2,"104":2,"105":3,"106":3,"107":3,"108":6,"109":6,"110":6,"111":6,"112":6,"113":6,"114":6,"115":27,"116":27,"117":3,"118":3,"119":3,"120":3,"121":3,"122":3,"123":1,"124":1,"125":2,"126":3,"127":1,"128":1,"129":1,"130":1,"131":1,"132":1,"133":3,"134":3,"135":3,"136":27,"137":27,"138":5,"139":5,"140":5,"141":5,"142":5,"143":5,"144":5,"145":1,"146":1,"147":4,"148":4,"149":4,"150":5,"151":1,"152":1,"153":3,"154":5,"155":2,"156":2,"157":1,"158":1,"159":5,"160":5,"161":5,"162":5,"163":5,"164":5,"165":5,"166":5,"167":27,"168":1,"169":1},"branchMap":{"0":{"type":"branch","line":29,"loc":{"start":{"line":29,"column":0},"end":{"line":168,"column":1}},"locations":[{"start":{"line":29,"column":0},"end":{"line":168,"column":1}}]},"1":{"type":"branch","line":29,"loc":{"start":{"line":29,"column":0},"end":{"line":168,"column":1}},"locations":[{"start":{"line":29,"column":0},"end":{"line":168,"column":1}}]},"2":{"type":"branch","line":30,"loc":{"start":{"line":30,"column":2},"end":{"line":67,"column":3}},"locations":[{"start":{"line":30,"column":2},"end":{"line":67,"column":3}}]},"3":{"type":"branch","line":30,"loc":{"start":{"line":30,"column":34},"end":{"line":30,"column":42}},"locations":[{"start":{"line":30,"column":34},"end":{"line":30,"column":42}}]},"4":{"type":"branch","line":30,"loc":{"start":{"line":30,"column":42},"end":{"line":30,"column":44}},"locations":[{"start":{"line":30,"column":42},"end":{"line":30,"column":44}}]},"5":{"type":"branch","line":33,"loc":{"start":{"line":33,"column":15},"end":{"line":35,"column":5}},"locations":[{"start":{"line":33,"column":15},"end":{"line":35,"column":5}}]},"6":{"type":"branch","line":36,"loc":{"start":{"line":36,"column":-2},"end":{"line":39,"column":7}},"locations":[{"start":{"line":36,"column":-2},"end":{"line":39,"column":7}}]},"7":{"type":"branch","line":41,"loc":{"start":{"line":41,"column":26},"end":{"line":43,"column":5}},"locations":[{"start":{"line":41,"column":26},"end":{"line":43,"column":5}}]},"8":{"type":"branch","line":44,"loc":{"start":{"line":44,"column":-2},"end":{"line":47,"column":15}},"locations":[{"start":{"line":44,"column":-2},"end":{"line":47,"column":15}}]},"9":{"type":"branch","line":47,"loc":{"start":{"line":47,"column":15},"end":{"line":49,"column":5}},"locations":[{"start":{"line":47,"column":15},"end":{"line":49,"column":5}}]},"10":{"type":"branch","line":50,"loc":{"start":{"line":50,"column":-2},"end":{"line":51,"column":29}},"locations":[{"start":{"line":50,"column":-2},"end":{"line":51,"column":29}}]},"11":{"type":"branch","line":51,"loc":{"start":{"line":51,"column":29},"end":{"line":53,"column":5}},"locations":[{"start":{"line":51,"column":29},"end":{"line":53,"column":5}}]},"12":{"type":"branch","line":54,"loc":{"start":{"line":54,"column":-2},"end":{"line":55,"column":48}},"locations":[{"start":{"line":54,"column":-2},"end":{"line":55,"column":48}}]},"13":{"type":"branch","line":69,"loc":{"start":{"line":69,"column":2},"end":{"line":80,"column":3}},"locations":[{"start":{"line":69,"column":2},"end":{"line":80,"column":3}}]},"14":{"type":"branch","line":74,"loc":{"start":{"line":74,"column":15},"end":{"line":74,"column":39}},"locations":[{"start":{"line":74,"column":15},"end":{"line":74,"column":39}}]},"15":{"type":"branch","line":75,"loc":{"start":{"line":75,"column":16},"end":{"line":75,"column":42}},"locations":[{"start":{"line":75,"column":16},"end":{"line":75,"column":42}}]},"16":{"type":"branch","line":82,"loc":{"start":{"line":82,"column":2},"end":{"line":90,"column":3}},"locations":[{"start":{"line":82,"column":2},"end":{"line":90,"column":3}}]},"17":{"type":"branch","line":86,"loc":{"start":{"line":86,"column":14},"end":{"line":89,"column":16}},"locations":[{"start":{"line":86,"column":14},"end":{"line":89,"column":16}}]},"18":{"type":"branch","line":92,"loc":{"start":{"line":92,"column":2},"end":{"line":115,"column":3}},"locations":[{"start":{"line":92,"column":2},"end":{"line":115,"column":3}}]},"19":{"type":"branch","line":99,"loc":{"start":{"line":99,"column":25},"end":{"line":101,"column":5}},"locations":[{"start":{"line":99,"column":25},"end":{"line":101,"column":5}}]},"20":{"type":"branch","line":102,"loc":{"start":{"line":102,"column":-2},"end":{"line":103,"column":42}},"locations":[{"start":{"line":102,"column":-2},"end":{"line":103,"column":42}}]},"21":{"type":"branch","line":103,"loc":{"start":{"line":103,"column":38},"end":{"line":103,"column":73}},"locations":[{"start":{"line":103,"column":38},"end":{"line":103,"column":73}}]},"22":{"type":"branch","line":103,"loc":{"start":{"line":103,"column":73},"end":{"line":103,"column":108}},"locations":[{"start":{"line":103,"column":73},"end":{"line":103,"column":108}}]},"23":{"type":"branch","line":103,"loc":{"start":{"line":103,"column":110},"end":{"line":103,"column":141}},"locations":[{"start":{"line":103,"column":110},"end":{"line":103,"column":141}}]},"24":{"type":"branch","line":103,"loc":{"start":{"line":103,"column":120},"end":{"line":103,"column":130}},"locations":[{"start":{"line":103,"column":120},"end":{"line":103,"column":130}}]},"25":{"type":"branch","line":103,"loc":{"start":{"line":103,"column":130},"end":{"line":103,"column":140}},"locations":[{"start":{"line":103,"column":130},"end":{"line":103,"column":140}}]},"26":{"type":"branch","line":103,"loc":{"start":{"line":103,"column":143},"end":{"line":105,"column":5}},"locations":[{"start":{"line":103,"column":143},"end":{"line":105,"column":5}}]},"27":{"type":"branch","line":106,"loc":{"start":{"line":106,"column":-2},"end":{"line":109,"column":22}},"locations":[{"start":{"line":106,"column":-2},"end":{"line":109,"column":22}}]},"28":{"type":"branch","line":109,"loc":{"start":{"line":109,"column":18},"end":{"line":109,"column":42}},"locations":[{"start":{"line":109,"column":18},"end":{"line":109,"column":42}}]},"29":{"type":"branch","line":110,"loc":{"start":{"line":110,"column":20},"end":{"line":110,"column":45}},"locations":[{"start":{"line":110,"column":20},"end":{"line":110,"column":45}}]},"30":{"type":"branch","line":111,"loc":{"start":{"line":111,"column":20},"end":{"line":111,"column":45}},"locations":[{"start":{"line":111,"column":20},"end":{"line":111,"column":45}}]},"31":{"type":"branch","line":117,"loc":{"start":{"line":117,"column":2},"end":{"line":136,"column":3}},"locations":[{"start":{"line":117,"column":2},"end":{"line":136,"column":3}}]},"32":{"type":"branch","line":123,"loc":{"start":{"line":123,"column":20},"end":{"line":125,"column":5}},"locations":[{"start":{"line":123,"column":20},"end":{"line":125,"column":5}}]},"33":{"type":"branch","line":126,"loc":{"start":{"line":126,"column":-2},"end":{"line":127,"column":29}},"locations":[{"start":{"line":126,"column":-2},"end":{"line":127,"column":29}}]},"34":{"type":"branch","line":127,"loc":{"start":{"line":127,"column":29},"end":{"line":133,"column":6}},"locations":[{"start":{"line":127,"column":29},"end":{"line":133,"column":6}}]},"35":{"type":"branch","line":138,"loc":{"start":{"line":138,"column":2},"end":{"line":167,"column":3}},"locations":[{"start":{"line":138,"column":2},"end":{"line":167,"column":3}}]},"36":{"type":"branch","line":145,"loc":{"start":{"line":145,"column":25},"end":{"line":147,"column":5}},"locations":[{"start":{"line":145,"column":25},"end":{"line":147,"column":5}}]},"37":{"type":"branch","line":148,"loc":{"start":{"line":148,"column":-2},"end":{"line":151,"column":15}},"locations":[{"start":{"line":148,"column":-2},"end":{"line":151,"column":15}}]},"38":{"type":"branch","line":151,"loc":{"start":{"line":151,"column":15},"end":{"line":153,"column":5}},"locations":[{"start":{"line":151,"column":15},"end":{"line":153,"column":5}}]},"39":{"type":"branch","line":154,"loc":{"start":{"line":154,"column":-2},"end":{"line":155,"column":29}},"locations":[{"start":{"line":154,"column":-2},"end":{"line":155,"column":29}}]},"40":{"type":"branch","line":155,"loc":{"start":{"line":155,"column":29},"end":{"line":157,"column":5}},"locations":[{"start":{"line":155,"column":29},"end":{"line":157,"column":5}}]},"41":{"type":"branch","line":158,"loc":{"start":{"line":158,"column":-2},"end":{"line":159,"column":48}},"locations":[{"start":{"line":158,"column":-2},"end":{"line":159,"column":48}}]}},"b":{"0":[1],"1":[27],"2":[8],"3":[1],"4":[7],"5":[1],"6":[7],"7":[1],"8":[6],"9":[1],"10":[5],"11":[2],"12":[3],"13":[3],"14":[2],"15":[2],"16":[2],"17":[1],"18":[6],"19":[1],"20":[5],"21":[1],"22":[1],"23":[4],"24":[3],"25":[2],"26":[2],"27":[3],"28":[2],"29":[2],"30":[2],"31":[3],"32":[1],"33":[2],"34":[1],"35":[5],"36":[1],"37":[4],"38":[1],"39":[3],"40":[2],"41":[1]},"fnMap":{"0":{"name":"UsersService","decl":{"start":{"line":29,"column":0},"end":{"line":168,"column":1}},"loc":{"start":{"line":29,"column":0},"end":{"line":168,"column":1}},"line":29},"1":{"name":"Object.<anonymous>.UsersService.create","decl":{"start":{"line":30,"column":2},"end":{"line":67,"column":3}},"loc":{"start":{"line":30,"column":2},"end":{"line":67,"column":3}},"line":30},"2":{"name":"Object.<anonymous>.UsersService.index","decl":{"start":{"line":69,"column":2},"end":{"line":80,"column":3}},"loc":{"start":{"line":69,"column":2},"end":{"line":80,"column":3}},"line":69},"3":{"name":"Object.<anonymous>.UsersService.search","decl":{"start":{"line":82,"column":2},"end":{"line":90,"column":3}},"loc":{"start":{"line":82,"column":2},"end":{"line":90,"column":3}},"line":82},"4":{"name":"Object.<anonymous>.UsersService.edit","decl":{"start":{"line":92,"column":2},"end":{"line":115,"column":3}},"loc":{"start":{"line":92,"column":2},"end":{"line":115,"column":3}},"line":92},"5":{"name":"Object.<anonymous>.UsersService.remove","decl":{"start":{"line":117,"column":2},"end":{"line":136,"column":3}},"loc":{"start":{"line":117,"column":2},"end":{"line":136,"column":3}},"line":117},"6":{"name":"Object.<anonymous>.UsersService.update","decl":{"start":{"line":138,"column":2},"end":{"line":167,"column":3}},"loc":{"start":{"line":138,"column":2},"end":{"line":167,"column":3}},"line":138}},"f":{"0":27,"1":8,"2":3,"3":2,"4":6,"5":3,"6":5}}
}
