TN:
SF:src\controllers\ComplimentsController.ts
FN:4,ComplimentsController
FN:6,Object.<anonymous>.ComplimentsController.searchBySender
FN:15,Object.<anonymous>.ComplimentsController.searchByReceiver
FN:24,Object.<anonymous>.ComplimentsController.create
FN:39,Object.<anonymous>.ComplimentsController.updateMessage
FN:50,Object.<anonymous>.ComplimentsController.remove
FNF:6
FNH:6
FNDA:10,ComplimentsController
FNDA:2,Object.<anonymous>.ComplimentsController.searchBySender
FNDA:2,Object.<anonymous>.ComplimentsController.searchByReceiver
FNDA:2,Object.<anonymous>.ComplimentsController.create
FNDA:2,Object.<anonymous>.ComplimentsController.updateMessage
FNDA:2,Object.<anonymous>.ComplimentsController.remove
DA:1,1
DA:2,1
DA:3,1
DA:4,10
DA:5,10
DA:6,10
DA:7,2
DA:8,2
DA:9,2
DA:10,2
DA:11,2
DA:12,2
DA:13,2
DA:14,10
DA:15,10
DA:16,2
DA:17,2
DA:18,2
DA:19,2
DA:20,2
DA:21,2
DA:22,2
DA:23,10
DA:24,10
DA:25,2
DA:26,2
DA:27,2
DA:28,2
DA:29,2
DA:30,2
DA:31,2
DA:32,2
DA:33,2
DA:34,2
DA:35,2
DA:36,2
DA:37,2
DA:38,10
DA:39,10
DA:40,2
DA:41,2
DA:42,2
DA:43,2
DA:44,2
DA:45,2
DA:46,2
DA:47,2
DA:48,2
DA:49,10
DA:50,10
DA:51,2
DA:52,2
DA:53,2
DA:54,2
DA:55,2
DA:56,2
DA:57,2
DA:58,2
DA:59,10
DA:60,1
DA:61,1
LF:61
LH:61
BRDA:4,0,0,1
BRDA:4,1,0,10
BRDA:6,2,0,2
BRDA:15,3,0,2
BRDA:24,4,0,2
BRDA:39,5,0,2
BRDA:50,6,0,2
BRF:7
BRH:7
end_of_record
TN:
SF:src\repositories\ComplimentsRepositories.ts
FN:5,ComplimentsRepositories
FNF:1
FNH:1
FNDA:2,ComplimentsRepositories
DA:1,1
DA:2,1
DA:3,1
DA:4,1
DA:5,2
DA:6,1
DA:7,1
LF:7
LH:7
BRDA:5,0,0,3
BRDA:5,1,0,2
BRF:2
BRH:2
end_of_record
TN:
SF:src\repositories\TagsRepositories.ts
FN:5,TagsRepositories
FNF:1
FNH:1
FNDA:2,TagsRepositories
DA:1,1
DA:2,1
DA:3,1
DA:4,1
DA:5,2
DA:6,1
DA:7,1
LF:7
LH:7
BRDA:5,0,0,3
BRDA:5,1,0,2
BRF:2
BRH:2
end_of_record
TN:
SF:src\repositories\UsersRepositories.ts
FN:5,UsersRepositories
FNF:1
FNH:1
FNDA:2,UsersRepositories
DA:1,1
DA:2,1
DA:3,1
DA:4,1
DA:5,2
DA:6,1
DA:7,1
LF:7
LH:7
BRDA:5,0,0,3
BRDA:5,1,0,2
BRF:2
BRH:2
end_of_record
TN:
SF:src\services\ComplimentsService.ts
FN:18,ComplimentsService
FN:22,Object.<anonymous>.ComplimentsService.searchBySender
FN:30,Object.<anonymous>.ComplimentsService.searchByReceiver
FN:38,Object.<anonymous>.ComplimentsService.create
FN:70,Object.<anonymous>.ComplimentsService.updateMessage
FN:93,Object.<anonymous>.ComplimentsService.remove
FNF:6
FNH:6
FNDA:12,ComplimentsService
FNDA:1,Object.<anonymous>.ComplimentsService.searchBySender
FNDA:1,Object.<anonymous>.ComplimentsService.searchByReceiver
FNDA:4,Object.<anonymous>.ComplimentsService.create
FNDA:4,Object.<anonymous>.ComplimentsService.updateMessage
FNDA:2,Object.<anonymous>.ComplimentsService.remove
DA:1,1
DA:2,1
DA:3,1
DA:4,1
DA:5,1
DA:6,1
DA:7,1
DA:8,1
DA:9,1
DA:10,1
DA:11,1
DA:12,1
DA:13,1
DA:14,2
DA:15,2
DA:16,2
DA:17,2
DA:18,2
DA:19,12
DA:20,12
DA:21,2
DA:22,2
DA:23,1
DA:24,1
DA:25,1
DA:26,1
DA:27,1
DA:28,1
DA:29,2
DA:30,2
DA:31,1
DA:32,1
DA:33,1
DA:34,1
DA:35,1
DA:36,1
DA:37,2
DA:38,2
DA:39,4
DA:40,4
DA:41,4
DA:42,4
DA:43,1
DA:44,1
DA:45,3
DA:46,3
DA:47,4
DA:48,4
DA:49,1
DA:50,1
DA:51,2
DA:52,2
DA:53,4
DA:54,4
DA:55,1
DA:56,1
DA:57,1
DA:58,1
DA:59,1
DA:60,1
DA:61,1
DA:62,1
DA:63,1
DA:64,1
DA:65,1
DA:66,4
DA:67,4
DA:68,4
DA:69,2
DA:70,2
DA:71,4
DA:72,4
DA:73,4
DA:74,4
DA:75,4
DA:76,1
DA:77,1
DA:78,3
DA:79,4
DA:80,1
DA:81,1
DA:82,2
DA:83,4
DA:84,1
DA:85,1
DA:86,1
DA:87,1
DA:88,1
DA:89,1
DA:90,1
DA:91,4
DA:92,2
DA:93,2
DA:94,2
DA:95,2
DA:96,2
DA:97,2
DA:98,2
DA:99,2
DA:100,1
DA:101,1
DA:102,1
DA:103,1
DA:104,1
DA:105,1
DA:106,2
DA:107,2
DA:108,2
DA:109,2
DA:110,2
DA:111,1
DA:112,1
LF:112
LH:112
BRDA:14,0,0,2
BRDA:18,1,0,12
BRDA:22,2,0,1
BRDA:23,3,0,1
BRDA:30,4,0,1
BRDA:31,5,0,1
BRDA:38,6,0,4
BRDA:42,7,0,1
BRDA:45,8,0,3
BRDA:48,9,0,1
BRDA:51,10,0,2
BRDA:54,11,0,1
BRDA:70,12,0,4
BRDA:71,13,0,4
BRDA:75,14,0,1
BRDA:78,15,0,3
BRDA:79,16,0,1
BRDA:82,17,0,2
BRDA:83,18,0,1
BRDA:93,19,0,2
BRDA:94,20,0,2
BRDA:99,21,0,1
BRF:22
BRH:22
end_of_record
