TN:
SF:src\entities\User.ts
FN:30,User
FNF:1
FNH:0
FNDA:0,User
DA:1,1
DA:2,1
DA:3,1
DA:4,1
DA:5,1
DA:6,1
DA:7,1
DA:8,1
DA:9,1
DA:10,1
DA:11,1
DA:12,1
DA:13,1
DA:14,1
DA:15,1
DA:16,1
DA:17,1
DA:18,1
DA:19,1
DA:20,1
DA:21,1
DA:22,1
DA:23,1
DA:24,1
DA:25,1
DA:26,1
DA:27,1
DA:28,1
DA:29,1
DA:30,1
DA:31,0
DA:32,0
DA:33,0
DA:34,0
DA:35,1
DA:36,1
DA:37,1
DA:38,1
LF:38
LH:34
BRDA:6,0,0,1
BRF:1
BRH:1
end_of_record
TN:
SF:src\repositories\UsersRepositories.ts
FN:5,UsersRepositories
FNF:1
FNH:1
FNDA:3,UsersRepositories
DA:1,1
DA:2,1
DA:3,1
DA:4,1
DA:5,3
DA:6,1
DA:7,1
LF:7
LH:7
BRDA:5,0,0,1
BRDA:5,1,0,3
BRF:2
BRH:2
end_of_record
TN:
SF:src\services\UsersService.ts
FN:29,UsersService
FN:30,Object.<anonymous>.UsersService.create
FN:70,Object.<anonymous>.UsersService.index
FN:83,Object.<anonymous>.UsersService.search
FN:93,Object.<anonymous>.UsersService.edit
FN:118,Object.<anonymous>.UsersService.remove
FN:139,Object.<anonymous>.UsersService.update
FNF:7
FNH:7
FNDA:27,UsersService
FNDA:8,Object.<anonymous>.UsersService.create
FNDA:3,Object.<anonymous>.UsersService.index
FNDA:2,Object.<anonymous>.UsersService.search
FNDA:6,Object.<anonymous>.UsersService.edit
FNDA:3,Object.<anonymous>.UsersService.remove
FNDA:5,Object.<anonymous>.UsersService.update
DA:1,1
DA:2,1
DA:3,1
DA:4,1
DA:5,1
DA:6,1
DA:7,1
DA:8,1
DA:9,1
DA:10,1
DA:11,1
DA:12,1
DA:13,1
DA:14,1
DA:15,1
DA:16,1
DA:17,1
DA:18,1
DA:19,1
DA:20,1
DA:21,1
DA:22,1
DA:23,1
DA:24,1
DA:25,1
DA:26,1
DA:27,1
DA:28,1
DA:29,27
DA:30,27
DA:31,8
DA:32,8
DA:33,8
DA:34,8
DA:35,1
DA:36,1
DA:37,7
DA:38,7
DA:39,7
DA:40,7
DA:41,8
DA:42,8
DA:43,1
DA:44,1
DA:45,6
DA:46,6
DA:47,6
DA:48,8
DA:49,1
DA:50,1
DA:51,5
DA:52,8
DA:53,2
DA:54,2
DA:55,3
DA:56,3
DA:57,8
DA:58,8
DA:59,8
DA:60,8
DA:61,8
DA:62,8
DA:63,8
DA:64,8
DA:65,8
DA:66,8
DA:67,8
DA:68,8
DA:69,27
DA:70,27
DA:71,3
DA:72,3
DA:73,3
DA:74,3
DA:75,3
DA:76,3
DA:77,3
DA:78,3
DA:79,3
DA:80,3
DA:81,3
DA:82,27
DA:83,27
DA:84,2
DA:85,2
DA:86,2
DA:87,2
DA:88,1
DA:89,1
DA:90,1
DA:91,2
DA:92,27
DA:93,27
DA:94,6
DA:95,6
DA:96,6
DA:97,6
DA:98,6
DA:99,6
DA:100,6
DA:101,1
DA:102,1
DA:103,5
DA:104,6
DA:105,2
DA:106,2
DA:107,3
DA:108,3
DA:109,3
DA:110,6
DA:111,6
DA:112,6
DA:113,6
DA:114,6
DA:115,6
DA:116,6
DA:117,27
DA:118,27
DA:119,3
DA:120,3
DA:121,3
DA:122,3
DA:123,3
DA:124,3
DA:125,1
DA:126,1
DA:127,2
DA:128,3
DA:129,1
DA:130,1
DA:131,1
DA:132,1
DA:133,1
DA:134,1
DA:135,3
DA:136,3
DA:137,3
DA:138,27
DA:139,27
DA:140,5
DA:141,5
DA:142,5
DA:143,5
DA:144,5
DA:145,5
DA:146,5
DA:147,1
DA:148,1
DA:149,4
DA:150,4
DA:151,4
DA:152,5
DA:153,1
DA:154,1
DA:155,3
DA:156,5
DA:157,2
DA:158,2
DA:159,1
DA:160,1
DA:161,5
DA:162,5
DA:163,5
DA:164,5
DA:165,5
DA:166,5
DA:167,5
DA:168,5
DA:169,27
DA:170,1
DA:171,1
LF:171
LH:171
BRDA:29,0,0,1
BRDA:29,1,0,27
BRDA:30,2,0,8
BRDA:30,3,0,1
BRDA:30,4,0,7
BRDA:34,5,0,1
BRDA:37,6,0,7
BRDA:42,7,0,1
BRDA:45,8,0,6
BRDA:48,9,0,1
BRDA:51,10,0,5
BRDA:52,11,0,2
BRDA:55,12,0,3
BRDA:70,13,0,3
BRDA:75,14,0,2
BRDA:76,15,0,2
BRDA:83,16,0,2
BRDA:87,17,0,1
BRDA:93,18,0,6
BRDA:100,19,0,1
BRDA:103,20,0,5
BRDA:104,21,0,1
BRDA:104,22,0,1
BRDA:104,23,0,4
BRDA:104,24,0,3
BRDA:104,25,0,2
BRDA:104,26,0,2
BRDA:107,27,0,3
BRDA:110,28,0,2
BRDA:111,29,0,2
BRDA:112,30,0,2
BRDA:118,31,0,3
BRDA:124,32,0,1
BRDA:127,33,0,2
BRDA:128,34,0,1
BRDA:139,35,0,5
BRDA:146,36,0,1
BRDA:149,37,0,4
BRDA:152,38,0,1
BRDA:155,39,0,3
BRDA:156,40,0,2
BRDA:159,41,0,1
BRF:42
BRH:42
end_of_record
